{"E:\\promptwars\\BallotBuddy\\backend\\server.js": {"path":"E:\\promptwars\\BallotBuddy\\backend\\server.js","statementMap":{"0":{"start":{"line":5,"column":0},"end":{"line":5,"column":27}},"1":{"start":{"line":7,"column":16},"end":{"line":7,"column":34}},"2":{"start":{"line":8,"column":15},"end":{"line":8,"column":32}},"3":{"start":{"line":9,"column":13},"end":{"line":9,"column":28}},"4":{"start":{"line":10,"column":13},"end":{"line":10,"column":28}},"5":{"start":{"line":12,"column":15},"end":{"line":12,"column":47}},"6":{"start":{"line":13,"column":27},"end":{"line":13,"column":66}},"7":{"start":{"line":16,"column":19},"end":{"line":16,"column":47}},"8":{"start":{"line":17,"column":25},"end":{"line":17,"column":59}},"9":{"start":{"line":18,"column":23},"end":{"line":18,"column":55}},"10":{"start":{"line":19,"column":21},"end":{"line":19,"column":51}},"11":{"start":{"line":21,"column":12},"end":{"line":21,"column":21}},"12":{"start":{"line":22,"column":13},"end":{"line":22,"column":37}},"13":{"start":{"line":27,"column":0},"end":{"line":38,"column":4}},"14":{"start":{"line":41,"column":23},"end":{"line":43,"column":23}},"15":{"start":{"line":43,"column":14},"end":{"line":43,"column":22}},"16":{"start":{"line":45,"column":0},"end":{"line":58,"column":4}},"17":{"start":{"line":48,"column":4},"end":{"line":53,"column":5}},"18":{"start":{"line":49,"column":6},"end":{"line":49,"column":27}},"19":{"start":{"line":51,"column":6},"end":{"line":51,"column":46}},"20":{"start":{"line":52,"column":6},"end":{"line":52,"column":49}},"21":{"start":{"line":63,"column":0},"end":{"line":63,"column":41}},"22":{"start":{"line":64,"column":0},"end":{"line":64,"column":64}},"23":{"start":{"line":69,"column":0},"end":{"line":69,"column":32}},"24":{"start":{"line":74,"column":0},"end":{"line":86,"column":3}},"25":{"start":{"line":75,"column":16},"end":{"line":75,"column":26}},"26":{"start":{"line":76,"column":2},"end":{"line":84,"column":5}},"27":{"start":{"line":77,"column":4},"end":{"line":83,"column":7}},"28":{"start":{"line":85,"column":2},"end":{"line":85,"column":9}},"29":{"start":{"line":91,"column":0},"end":{"line":91,"column":33}},"30":{"start":{"line":92,"column":0},"end":{"line":92,"column":45}},"31":{"start":{"line":93,"column":0},"end":{"line":93,"column":41}},"32":{"start":{"line":94,"column":0},"end":{"line":94,"column":35}},"33":{"start":{"line":97,"column":0},"end":{"line":105,"column":3}},"34":{"start":{"line":98,"column":2},"end":{"line":104,"column":5}},"35":{"start":{"line":110,"column":0},"end":{"line":116,"column":1}},"36":{"start":{"line":111,"column":24},"end":{"line":111,"column":70}},"37":{"start":{"line":112,"column":2},"end":{"line":112,"column":41}},"38":{"start":{"line":113,"column":2},"end":{"line":115,"column":5}},"39":{"start":{"line":114,"column":4},"end":{"line":114,"column":57}},"40":{"start":{"line":122,"column":0},"end":{"line":133,"column":3}},"41":{"start":{"line":123,"column":2},"end":{"line":123,"column":76}},"42":{"start":{"line":125,"column":2},"end":{"line":127,"column":3}},"43":{"start":{"line":126,"column":4},"end":{"line":126,"column":85}},"44":{"start":{"line":129,"column":2},"end":{"line":132,"column":5}},"45":{"start":{"line":136,"column":0},"end":{"line":138,"column":3}},"46":{"start":{"line":137,"column":2},"end":{"line":137,"column":96}},"47":{"start":{"line":143,"column":0},"end":{"line":150,"column":1}},"48":{"start":{"line":144,"column":2},"end":{"line":149,"column":5}},"49":{"start":{"line":145,"column":4},"end":{"line":148,"column":7}},"50":{"start":{"line":152,"column":0},"end":{"line":152,"column":21}}},"fnMap":{"0":{"name":"(anonymous_0)","decl":{"start":{"line":43,"column":7},"end":{"line":43,"column":8}},"loc":{"start":{"line":43,"column":14},"end":{"line":43,"column":22}},"line":43},"1":{"name":"(anonymous_1)","decl":{"start":{"line":46,"column":10},"end":{"line":46,"column":11}},"loc":{"start":{"line":46,"column":32},"end":{"line":54,"column":3}},"line":46},"2":{"name":"(anonymous_2)","decl":{"start":{"line":74,"column":8},"end":{"line":74,"column":9}},"loc":{"start":{"line":74,"column":28},"end":{"line":86,"column":1}},"line":74},"3":{"name":"(anonymous_3)","decl":{"start":{"line":76,"column":19},"end":{"line":76,"column":20}},"loc":{"start":{"line":76,"column":25},"end":{"line":84,"column":3}},"line":76},"4":{"name":"(anonymous_4)","decl":{"start":{"line":97,"column":19},"end":{"line":97,"column":20}},"loc":{"start":{"line":97,"column":33},"end":{"line":105,"column":1}},"line":97},"5":{"name":"(anonymous_5)","decl":{"start":{"line":113,"column":15},"end":{"line":113,"column":16}},"loc":{"start":{"line":113,"column":29},"end":{"line":115,"column":3}},"line":113},"6":{"name":"(anonymous_6)","decl":{"start":{"line":122,"column":8},"end":{"line":122,"column":9}},"loc":{"start":{"line":122,"column":33},"end":{"line":133,"column":1}},"line":122},"7":{"name":"(anonymous_7)","decl":{"start":{"line":136,"column":18},"end":{"line":136,"column":19}},"loc":{"start":{"line":136,"column":32},"end":{"line":138,"column":1}},"line":136},"8":{"name":"(anonymous_8)","decl":{"start":{"line":144,"column":19},"end":{"line":144,"column":20}},"loc":{"start":{"line":144,"column":25},"end":{"line":149,"column":3}},"line":144}},"branchMap":{"0":{"loc":{"start":{"line":22,"column":13},"end":{"line":22,"column":37}},"type":"binary-expr","locations":[{"start":{"line":22,"column":13},"end":{"line":22,"column":29}},{"start":{"line":22,"column":33},"end":{"line":22,"column":37}}],"line":22},"1":{"loc":{"start":{"line":41,"column":24},"end":{"line":41,"column":78}},"type":"binary-expr","locations":[{"start":{"line":41,"column":24},"end":{"line":41,"column":51}},{"start":{"line":41,"column":55},"end":{"line":41,"column":78}}],"line":41},"2":{"loc":{"start":{"line":48,"column":4},"end":{"line":53,"column":5}},"type":"if","locations":[{"start":{"line":48,"column":4},"end":{"line":53,"column":5}},{"start":{"line":50,"column":11},"end":{"line":53,"column":5}}],"line":48},"3":{"loc":{"start":{"line":48,"column":8},"end":{"line":48,"column":50}},"type":"binary-expr","locations":[{"start":{"line":48,"column":8},"end":{"line":48,"column":15}},{"start":{"line":48,"column":19},"end":{"line":48,"column":50}}],"line":48},"4":{"loc":{"start":{"line":101,"column":13},"end":{"line":101,"column":55}},"type":"binary-expr","locations":[{"start":{"line":101,"column":13},"end":{"line":101,"column":44}},{"start":{"line":101,"column":48},"end":{"line":101,"column":55}}],"line":101},"5":{"loc":{"start":{"line":110,"column":0},"end":{"line":116,"column":1}},"type":"if","locations":[{"start":{"line":110,"column":0},"end":{"line":116,"column":1}},{"start":{},"end":{}}],"line":110},"6":{"loc":{"start":{"line":125,"column":2},"end":{"line":127,"column":3}},"type":"if","locations":[{"start":{"line":125,"column":2},"end":{"line":127,"column":3}},{"start":{},"end":{}}],"line":125},"7":{"loc":{"start":{"line":129,"column":13},"end":{"line":129,"column":30}},"type":"binary-expr","locations":[{"start":{"line":129,"column":13},"end":{"line":129,"column":23}},{"start":{"line":129,"column":27},"end":{"line":129,"column":30}}],"line":129},"8":{"loc":{"start":{"line":131,"column":11},"end":{"line":131,"column":89}},"type":"cond-expr","locations":[{"start":{"line":131,"column":51},"end":{"line":131,"column":75}},{"start":{"line":131,"column":78},"end":{"line":131,"column":89}}],"line":131},"9":{"loc":{"start":{"line":143,"column":0},"end":{"line":150,"column":1}},"type":"if","locations":[{"start":{"line":143,"column":0},"end":{"line":150,"column":1}},{"start":{},"end":{}}],"line":143},"10":{"loc":{"start":{"line":146,"column":19},"end":{"line":146,"column":56}},"type":"binary-expr","locations":[{"start":{"line":146,"column":19},"end":{"line":146,"column":39}},{"start":{"line":146,"column":43},"end":{"line":146,"column":56}}],"line":146}},"s":{"0":4,"1":4,"2":4,"3":4,"4":4,"5":4,"6":4,"7":4,"8":4,"9":4,"10":4,"11":4,"12":4,"13":4,"14":4,"15":8,"16":4,"17":13,"18":13,"19":0,"20":0,"21":4,"22":4,"23":4,"24":4,"25":13,"26":13,"27":13,"28":13,"29":4,"30":4,"31":4,"32":4,"33":4,"34":0,"35":4,"36":0,"37":0,"38":0,"39":0,"40":4,"41":0,"42":0,"43":0,"44":0,"45":4,"46":0,"47":4,"48":0,"49":0,"50":4},"f":{"0":8,"1":13,"2":13,"3":13,"4":0,"5":0,"6":0,"7":0,"8":0},"b":{"0":[4,0],"1":[4,0],"2":[13,0],"3":[13,0],"4":[0,0],"5":[0,4],"6":[0,0],"7":[0,0],"8":[0,0],"9":[0,4],"10":[0,0]},"_coverageSchema":"1a1c01bbd47fc00a2c39e90264f33305004495a9","hash":"5dd11e0783e02e46788c63e6697592db074cc873"}
,"E:\\promptwars\\BallotBuddy\\backend\\src\\middleware\\auth.js": {"path":"E:\\promptwars\\BallotBuddy\\backend\\src\\middleware\\auth.js","statementMap":{"0":{"start":{"line":5,"column":15},"end":{"line":5,"column":44}},"1":{"start":{"line":7,"column":24},"end":{"line":21,"column":1}},"2":{"start":{"line":8,"column":18},"end":{"line":8,"column":43}},"3":{"start":{"line":10,"column":2},"end":{"line":17,"column":3}},"4":{"start":{"line":11,"column":4},"end":{"line":11,"column":61}},"5":{"start":{"line":12,"column":4},"end":{"line":16,"column":7}},"6":{"start":{"line":19,"column":2},"end":{"line":19,"column":24}},"7":{"start":{"line":20,"column":2},"end":{"line":20,"column":9}},"8":{"start":{"line":23,"column":22},"end":{"line":26,"column":1}},"9":{"start":{"line":24,"column":2},"end":{"line":24,"column":57}},"10":{"start":{"line":25,"column":2},"end":{"line":25,"column":9}},"11":{"start":{"line":28,"column":0},"end":{"line":28,"column":52}}},"fnMap":{"0":{"name":"(anonymous_0)","decl":{"start":{"line":7,"column":24},"end":{"line":7,"column":25}},"loc":{"start":{"line":7,"column":44},"end":{"line":21,"column":1}},"line":7},"1":{"name":"(anonymous_1)","decl":{"start":{"line":23,"column":22},"end":{"line":23,"column":23}},"loc":{"start":{"line":23,"column":42},"end":{"line":26,"column":1}},"line":23}},"branchMap":{"0":{"loc":{"start":{"line":10,"column":2},"end":{"line":17,"column":3}},"type":"if","locations":[{"start":{"line":10,"column":2},"end":{"line":17,"column":3}},{"start":{},"end":{}}],"line":10},"1":{"loc":{"start":{"line":24,"column":16},"end":{"line":24,"column":56}},"type":"binary-expr","locations":[{"start":{"line":24,"column":16},"end":{"line":24,"column":41}},{"start":{"line":24,"column":45},"end":{"line":24,"column":56}}],"line":24}},"s":{"0":5,"1":5,"2":4,"3":4,"4":2,"5":2,"6":2,"7":2,"8":5,"9":7,"10":7,"11":5},"f":{"0":4,"1":7},"b":{"0":[2,2],"1":[7,5]},"_coverageSchema":"1a1c01bbd47fc00a2c39e90264f33305004495a9","hash":"37e994ce5832ffbd046959432f746db24ed3e300"}
,"E:\\promptwars\\BallotBuddy\\backend\\src\\middleware\\rateLimiter.js": {"path":"E:\\promptwars\\BallotBuddy\\backend\\src\\middleware\\rateLimiter.js","statementMap":{"0":{"start":{"line":5,"column":18},"end":{"line":5,"column":47}},"1":{"start":{"line":6,"column":15},"end":{"line":6,"column":44}},"2":{"start":{"line":11,"column":23},"end":{"line":21,"column":2}},"3":{"start":{"line":18,"column":4},"end":{"line":18,"column":71}},"4":{"start":{"line":19,"column":4},"end":{"line":19,"column":57}},"5":{"start":{"line":26,"column":20},"end":{"line":38,"column":2}},"6":{"start":{"line":32,"column":4},"end":{"line":32,"column":60}},"7":{"start":{"line":33,"column":4},"end":{"line":36,"column":7}},"8":{"start":{"line":43,"column":20},"end":{"line":55,"column":2}},"9":{"start":{"line":49,"column":4},"end":{"line":49,"column":60}},"10":{"start":{"line":50,"column":4},"end":{"line":53,"column":7}},"11":{"start":{"line":57,"column":0},"end":{"line":57,"column":62}}},"fnMap":{"0":{"name":"(anonymous_0)","decl":{"start":{"line":17,"column":11},"end":{"line":17,"column":12}},"loc":{"start":{"line":17,"column":40},"end":{"line":20,"column":3}},"line":17},"1":{"name":"(anonymous_1)","decl":{"start":{"line":31,"column":11},"end":{"line":31,"column":12}},"loc":{"start":{"line":31,"column":25},"end":{"line":37,"column":3}},"line":31},"2":{"name":"(anonymous_2)","decl":{"start":{"line":48,"column":11},"end":{"line":48,"column":12}},"loc":{"start":{"line":48,"column":25},"end":{"line":54,"column":3}},"line":48}},"branchMap":{"0":{"loc":{"start":{"line":13,"column":7},"end":{"line":13,"column":52}},"type":"cond-expr","locations":[{"start":{"line":13,"column":41},"end":{"line":13,"column":46}},{"start":{"line":13,"column":49},"end":{"line":13,"column":52}}],"line":13},"1":{"loc":{"start":{"line":28,"column":7},"end":{"line":28,"column":51}},"type":"cond-expr","locations":[{"start":{"line":28,"column":41},"end":{"line":28,"column":46}},{"start":{"line":28,"column":49},"end":{"line":28,"column":51}}],"line":28},"2":{"loc":{"start":{"line":45,"column":7},"end":{"line":45,"column":50}},"type":"cond-expr","locations":[{"start":{"line":45,"column":41},"end":{"line":45,"column":46}},{"start":{"line":45,"column":49},"end":{"line":45,"column":50}}],"line":45}},"s":{"0":4,"1":4,"2":4,"3":0,"4":0,"5":4,"6":0,"7":0,"8":4,"9":0,"10":0,"11":4},"f":{"0":0,"1":0,"2":0},"b":{"0":[4,0],"1":[4,0],"2":[4,0]},"_coverageSchema":"1a1c01bbd47fc00a2c39e90264f33305004495a9","hash":"784aa42f7a5ef9e988ca35884a7b923bdb09a1e6"}
,"E:\\promptwars\\BallotBuddy\\backend\\src\\middleware\\sanitize.js": {"path":"E:\\promptwars\\BallotBuddy\\backend\\src\\middleware\\sanitize.js","statementMap":{"0":{"start":{"line":5,"column":18},"end":{"line":5,"column":34}},"1":{"start":{"line":6,"column":24},"end":{"line":6,"column":44}},"2":{"start":{"line":7,"column":19},"end":{"line":7,"column":32}},"3":{"start":{"line":8,"column":18},"end":{"line":8,"column":41}},"4":{"start":{"line":10,"column":23},"end":{"line":23,"column":1}},"5":{"start":{"line":11,"column":2},"end":{"line":13,"column":3}},"6":{"start":{"line":12,"column":4},"end":{"line":12,"column":75}},"7":{"start":{"line":14,"column":2},"end":{"line":16,"column":3}},"8":{"start":{"line":15,"column":4},"end":{"line":15,"column":35}},"9":{"start":{"line":17,"column":2},"end":{"line":21,"column":3}},"10":{"start":{"line":18,"column":4},"end":{"line":20,"column":6}},"11":{"start":{"line":19,"column":42},"end":{"line":19,"column":64}},"12":{"start":{"line":22,"column":2},"end":{"line":22,"column":13}},"13":{"start":{"line":28,"column":21},"end":{"line":33,"column":1}},"14":{"start":{"line":29,"column":2},"end":{"line":31,"column":3}},"15":{"start":{"line":30,"column":4},"end":{"line":30,"column":40}},"16":{"start":{"line":32,"column":2},"end":{"line":32,"column":9}},"17":{"start":{"line":35,"column":0},"end":{"line":35,"column":50}}},"fnMap":{"0":{"name":"(anonymous_0)","decl":{"start":{"line":10,"column":23},"end":{"line":10,"column":24}},"loc":{"start":{"line":10,"column":32},"end":{"line":23,"column":1}},"line":10},"1":{"name":"(anonymous_1)","decl":{"start":{"line":19,"column":30},"end":{"line":19,"column":31}},"loc":{"start":{"line":19,"column":42},"end":{"line":19,"column":64}},"line":19},"2":{"name":"(anonymous_2)","decl":{"start":{"line":28,"column":21},"end":{"line":28,"column":22}},"loc":{"start":{"line":28,"column":41},"end":{"line":33,"column":1}},"line":28}},"branchMap":{"0":{"loc":{"start":{"line":11,"column":2},"end":{"line":13,"column":3}},"type":"if","locations":[{"start":{"line":11,"column":2},"end":{"line":13,"column":3}},{"start":{},"end":{}}],"line":11},"1":{"loc":{"start":{"line":14,"column":2},"end":{"line":16,"column":3}},"type":"if","locations":[{"start":{"line":14,"column":2},"end":{"line":16,"column":3}},{"start":{},"end":{}}],"line":14},"2":{"loc":{"start":{"line":17,"column":2},"end":{"line":21,"column":3}},"type":"if","locations":[{"start":{"line":17,"column":2},"end":{"line":21,"column":3}},{"start":{},"end":{}}],"line":17},"3":{"loc":{"start":{"line":17,"column":6},"end":{"line":17,"column":36}},"type":"binary-expr","locations":[{"start":{"line":17,"column":6},"end":{"line":17,"column":9}},{"start":{"line":17,"column":13},"end":{"line":17,"column":36}}],"line":17},"4":{"loc":{"start":{"line":29,"column":2},"end":{"line":31,"column":3}},"type":"if","locations":[{"start":{"line":29,"column":2},"end":{"line":31,"column":3}},{"start":{},"end":{}}],"line":29},"5":{"loc":{"start":{"line":29,"column":6},"end":{"line":29,"column":46}},"type":"binary-expr","locations":[{"start":{"line":29,"column":6},"end":{"line":29,"column":14}},{"start":{"line":29,"column":18},"end":{"line":29,"column":46}}],"line":29}},"s":{"0":5,"1":5,"2":5,"3":5,"4":5,"5":22,"6":12,"7":10,"8":2,"9":8,"10":8,"11":11,"12":0,"13":5,"14":7,"15":7,"16":7,"17":5},"f":{"0":22,"1":11,"2":7},"b":{"0":[12,10],"1":[2,8],"2":[8,0],"3":[8,8],"4":[7,0],"5":[7,7]},"_coverageSchema":"1a1c01bbd47fc00a2c39e90264f33305004495a9","hash":"09cde7a2cc40c9996c786f4f903b896c7d17f567"}
,"E:\\promptwars\\BallotBuddy\\backend\\src\\middleware\\validate.js": {"path":"E:\\promptwars\\BallotBuddy\\backend\\src\\middleware\\validate.js","statementMap":{"0":{"start":{"line":5,"column":12},"end":{"line":5,"column":26}},"1":{"start":{"line":6,"column":15},"end":{"line":6,"column":44}},"2":{"start":{"line":11,"column":17},"end":{"line":28,"column":1}},"3":{"start":{"line":11,"column":46},"end":{"line":28,"column":1}},"4":{"start":{"line":12,"column":27},"end":{"line":15,"column":4}},"5":{"start":{"line":17,"column":2},"end":{"line":24,"column":3}},"6":{"start":{"line":18,"column":20},"end":{"line":21,"column":7}},"7":{"start":{"line":18,"column":46},"end":{"line":21,"column":5}},"8":{"start":{"line":22,"column":4},"end":{"line":22,"column":66}},"9":{"start":{"line":23,"column":4},"end":{"line":23,"column":89}},"10":{"start":{"line":26,"column":2},"end":{"line":26,"column":22}},"11":{"start":{"line":27,"column":2},"end":{"line":27,"column":9}},"12":{"start":{"line":32,"column":16},"end":{"line":68,"column":1}},"13":{"start":{"line":71,"column":19},"end":{"line":78,"column":1}},"14":{"start":{"line":80,"column":0},"end":{"line":80,"column":51}}},"fnMap":{"0":{"name":"(anonymous_0)","decl":{"start":{"line":11,"column":17},"end":{"line":11,"column":18}},"loc":{"start":{"line":11,"column":46},"end":{"line":28,"column":1}},"line":11},"1":{"name":"(anonymous_1)","decl":{"start":{"line":11,"column":46},"end":{"line":11,"column":47}},"loc":{"start":{"line":11,"column":66},"end":{"line":28,"column":1}},"line":11},"2":{"name":"(anonymous_2)","decl":{"start":{"line":18,"column":38},"end":{"line":18,"column":39}},"loc":{"start":{"line":18,"column":46},"end":{"line":21,"column":5}},"line":18}},"branchMap":{"0":{"loc":{"start":{"line":11,"column":26},"end":{"line":11,"column":41}},"type":"default-arg","locations":[{"start":{"line":11,"column":35},"end":{"line":11,"column":41}}],"line":11},"1":{"loc":{"start":{"line":17,"column":2},"end":{"line":24,"column":3}},"type":"if","locations":[{"start":{"line":17,"column":2},"end":{"line":24,"column":3}},{"start":{},"end":{}}],"line":17}},"s":{"0":4,"1":4,"2":4,"3":24,"4":7,"5":7,"6":3,"7":3,"8":3,"9":3,"10":4,"11":4,"12":4,"13":4,"14":4},"f":{"0":24,"1":7,"2":3},"b":{"0":[24],"1":[3,4]},"_coverageSchema":"1a1c01bbd47fc00a2c39e90264f33305004495a9","hash":"b63648f0adef0b0a995580f0ad1473f72b27bc8e"}
,"E:\\promptwars\\BallotBuddy\\backend\\src\\routes\\candidates.js": {"path":"E:\\promptwars\\BallotBuddy\\backend\\src\\routes\\candidates.js","statementMap":{"0":{"start":{"line":7,"column":16},"end":{"line":7,"column":34}},"1":{"start":{"line":8,"column":15},"end":{"line":8,"column":31}},"2":{"start":{"line":10,"column":28},"end":{"line":10,"column":60}},"3":{"start":{"line":11,"column":30},"end":{"line":11,"column":61}},"4":{"start":{"line":12,"column":23},"end":{"line":12,"column":56}},"5":{"start":{"line":13,"column":25},"end":{"line":13,"column":58}},"6":{"start":{"line":14,"column":15},"end":{"line":14,"column":44}},"7":{"start":{"line":17,"column":24},"end":{"line":78,"column":1}},"8":{"start":{"line":81,"column":0},"end":{"line":95,"column":3}},"9":{"start":{"line":82,"column":2},"end":{"line":94,"column":3}},"10":{"start":{"line":83,"column":21},"end":{"line":83,"column":60}},"11":{"start":{"line":84,"column":4},"end":{"line":88,"column":5}},"12":{"start":{"line":86,"column":6},"end":{"line":86,"column":35}},"13":{"start":{"line":87,"column":6},"end":{"line":87,"column":65}},"14":{"start":{"line":89,"column":4},"end":{"line":89,"column":70}},"15":{"start":{"line":91,"column":4},"end":{"line":91,"column":69}},"16":{"start":{"line":93,"column":4},"end":{"line":93,"column":92}},"17":{"start":{"line":98,"column":0},"end":{"line":111,"column":3}},"18":{"start":{"line":99,"column":2},"end":{"line":110,"column":3}},"19":{"start":{"line":100,"column":20},"end":{"line":100,"column":61}},"20":{"start":{"line":101,"column":4},"end":{"line":103,"column":5}},"21":{"start":{"line":102,"column":6},"end":{"line":102,"column":70}},"22":{"start":{"line":102,"column":46},"end":{"line":102,"column":68}},"23":{"start":{"line":104,"column":4},"end":{"line":106,"column":5}},"24":{"start":{"line":105,"column":6},"end":{"line":105,"column":85}},"25":{"start":{"line":107,"column":4},"end":{"line":107,"column":43}},"26":{"start":{"line":109,"column":4},"end":{"line":109,"column":85}},"27":{"start":{"line":114,"column":0},"end":{"line":132,"column":3}},"28":{"start":{"line":115,"column":27},"end":{"line":115,"column":35}},"29":{"start":{"line":117,"column":2},"end":{"line":131,"column":3}},"30":{"start":{"line":118,"column":24},"end":{"line":118,"column":51}},"31":{"start":{"line":119,"column":4},"end":{"line":119,"column":68}},"32":{"start":{"line":119,"column":36},"end":{"line":119,"column":68}},"33":{"start":{"line":121,"column":21},"end":{"line":121,"column":77}},"34":{"start":{"line":121,"column":49},"end":{"line":121,"column":76}},"35":{"start":{"line":122,"column":4},"end":{"line":124,"column":5}},"36":{"start":{"line":123,"column":6},"end":{"line":123,"column":105}},"37":{"start":{"line":126,"column":20},"end":{"line":126,"column":53}},"38":{"start":{"line":127,"column":4},"end":{"line":127,"column":63}},"39":{"start":{"line":129,"column":4},"end":{"line":129,"column":60}},"40":{"start":{"line":130,"column":4},"end":{"line":130,"column":92}},"41":{"start":{"line":134,"column":0},"end":{"line":134,"column":24}}},"fnMap":{"0":{"name":"(anonymous_0)","decl":{"start":{"line":81,"column":16},"end":{"line":81,"column":17}},"loc":{"start":{"line":81,"column":36},"end":{"line":95,"column":1}},"line":81},"1":{"name":"(anonymous_1)","decl":{"start":{"line":98,"column":19},"end":{"line":98,"column":20}},"loc":{"start":{"line":98,"column":39},"end":{"line":111,"column":1}},"line":98},"2":{"name":"(anonymous_2)","decl":{"start":{"line":102,"column":39},"end":{"line":102,"column":40}},"loc":{"start":{"line":102,"column":46},"end":{"line":102,"column":68}},"line":102},"3":{"name":"(anonymous_3)","decl":{"start":{"line":114,"column":67},"end":{"line":114,"column":68}},"loc":{"start":{"line":114,"column":87},"end":{"line":132,"column":1}},"line":114},"4":{"name":"(anonymous_4)","decl":{"start":{"line":121,"column":42},"end":{"line":121,"column":43}},"loc":{"start":{"line":121,"column":49},"end":{"line":121,"column":76}},"line":121}},"branchMap":{"0":{"loc":{"start":{"line":84,"column":4},"end":{"line":88,"column":5}},"type":"if","locations":[{"start":{"line":84,"column":4},"end":{"line":88,"column":5}},{"start":{},"end":{}}],"line":84},"1":{"loc":{"start":{"line":101,"column":4},"end":{"line":103,"column":5}},"type":"if","locations":[{"start":{"line":101,"column":4},"end":{"line":103,"column":5}},{"start":{},"end":{}}],"line":101},"2":{"loc":{"start":{"line":104,"column":4},"end":{"line":106,"column":5}},"type":"if","locations":[{"start":{"line":104,"column":4},"end":{"line":106,"column":5}},{"start":{},"end":{}}],"line":104},"3":{"loc":{"start":{"line":119,"column":4},"end":{"line":119,"column":68}},"type":"if","locations":[{"start":{"line":119,"column":4},"end":{"line":119,"column":68}},{"start":{},"end":{}}],"line":119},"4":{"loc":{"start":{"line":122,"column":4},"end":{"line":124,"column":5}},"type":"if","locations":[{"start":{"line":122,"column":4},"end":{"line":124,"column":5}},{"start":{},"end":{}}],"line":122}},"s":{"0":4,"1":4,"2":4,"3":4,"4":4,"5":4,"6":4,"7":4,"8":4,"9":1,"10":1,"11":1,"12":0,"13":0,"14":1,"15":0,"16":0,"17":4,"18":1,"19":1,"20":1,"21":1,"22":4,"23":1,"24":1,"25":0,"26":0,"27":4,"28":1,"29":1,"30":1,"31":1,"32":0,"33":1,"34":2,"35":1,"36":0,"37":1,"38":1,"39":0,"40":0,"41":4},"f":{"0":1,"1":1,"2":4,"3":1,"4":2},"b":{"0":[0,1],"1":[1,0],"2":[1,0],"3":[0,1],"4":[0,1]},"_coverageSchema":"1a1c01bbd47fc00a2c39e90264f33305004495a9","hash":"b3e017c8fab68485d0bb819d710663f6816bb52d"}
,"E:\\promptwars\\BallotBuddy\\backend\\src\\routes\\chat.js": {"path":"E:\\promptwars\\BallotBuddy\\backend\\src\\routes\\chat.js","statementMap":{"0":{"start":{"line":5,"column":16},"end":{"line":5,"column":34}},"1":{"start":{"line":6,"column":15},"end":{"line":6,"column":31}},"2":{"start":{"line":8,"column":17},"end":{"line":8,"column":48}},"3":{"start":{"line":9,"column":22},"end":{"line":9,"column":54}},"4":{"start":{"line":10,"column":23},"end":{"line":10,"column":56}},"5":{"start":{"line":11,"column":24},"end":{"line":11,"column":60}},"6":{"start":{"line":12,"column":25},"end":{"line":12,"column":58}},"7":{"start":{"line":13,"column":26},"end":{"line":13,"column":55}},"8":{"start":{"line":14,"column":15},"end":{"line":14,"column":44}},"9":{"start":{"line":17,"column":0},"end":{"line":50,"column":3}},"10":{"start":{"line":18,"column":41},"end":{"line":18,"column":49}},"11":{"start":{"line":19,"column":17},"end":{"line":19,"column":28}},"12":{"start":{"line":21,"column":2},"end":{"line":49,"column":3}},"13":{"start":{"line":22,"column":4},"end":{"line":22,"column":94}},"14":{"start":{"line":25,"column":23},"end":{"line":25,"column":61}},"15":{"start":{"line":28,"column":4},"end":{"line":36,"column":5}},"16":{"start":{"line":29,"column":6},"end":{"line":35,"column":93}},"17":{"start":{"line":35,"column":24},"end":{"line":35,"column":91}},"18":{"start":{"line":38,"column":4},"end":{"line":42,"column":7}},"19":{"start":{"line":44,"column":4},"end":{"line":44,"column":71}},"20":{"start":{"line":45,"column":4},"end":{"line":48,"column":7}},"21":{"start":{"line":53,"column":0},"end":{"line":64,"column":3}},"22":{"start":{"line":54,"column":2},"end":{"line":56,"column":3}},"23":{"start":{"line":55,"column":4},"end":{"line":55,"column":89}},"24":{"start":{"line":57,"column":2},"end":{"line":63,"column":3}},"25":{"start":{"line":58,"column":26},"end":{"line":58,"column":58}},"26":{"start":{"line":59,"column":20},"end":{"line":59,"column":79}},"27":{"start":{"line":60,"column":4},"end":{"line":60,"column":61}},"28":{"start":{"line":62,"column":4},"end":{"line":62,"column":83}},"29":{"start":{"line":66,"column":0},"end":{"line":66,"column":24}}},"fnMap":{"0":{"name":"(anonymous_0)","decl":{"start":{"line":17,"column":83},"end":{"line":17,"column":84}},"loc":{"start":{"line":17,"column":103},"end":{"line":50,"column":1}},"line":17},"1":{"name":"(anonymous_1)","decl":{"start":{"line":35,"column":15},"end":{"line":35,"column":16}},"loc":{"start":{"line":35,"column":24},"end":{"line":35,"column":91}},"line":35},"2":{"name":"(anonymous_2)","decl":{"start":{"line":53,"column":38},"end":{"line":53,"column":39}},"loc":{"start":{"line":53,"column":58},"end":{"line":64,"column":1}},"line":53}},"branchMap":{"0":{"loc":{"start":{"line":28,"column":4},"end":{"line":36,"column":5}},"type":"if","locations":[{"start":{"line":28,"column":4},"end":{"line":36,"column":5}},{"start":{},"end":{}}],"line":28},"1":{"loc":{"start":{"line":54,"column":2},"end":{"line":56,"column":3}},"type":"if","locations":[{"start":{"line":54,"column":2},"end":{"line":56,"column":3}},{"start":{},"end":{}}],"line":54}},"s":{"0":4,"1":4,"2":4,"3":4,"4":4,"5":4,"6":4,"7":4,"8":4,"9":4,"10":1,"11":1,"12":1,"13":1,"14":1,"15":1,"16":0,"17":0,"18":1,"19":0,"20":0,"21":4,"22":1,"23":0,"24":1,"25":1,"26":1,"27":1,"28":0,"29":4},"f":{"0":1,"1":0,"2":1},"b":{"0":[0,1],"1":[0,1]},"_coverageSchema":"1a1c01bbd47fc00a2c39e90264f33305004495a9","hash":"164c7f56db4323b914d168f577a5a4e01cac67fd"}
,"E:\\promptwars\\BallotBuddy\\backend\\src\\routes\\timeline.js": {"path":"E:\\promptwars\\BallotBuddy\\backend\\src\\routes\\timeline.js","statementMap":{"0":{"start":{"line":6,"column":16},"end":{"line":6,"column":34}},"1":{"start":{"line":7,"column":15},"end":{"line":7,"column":31}},"2":{"start":{"line":9,"column":20},"end":{"line":9,"column":52}},"3":{"start":{"line":10,"column":33},"end":{"line":10,"column":59}},"4":{"start":{"line":11,"column":23},"end":{"line":11,"column":56}},"5":{"start":{"line":12,"column":28},"end":{"line":12,"column":57}},"6":{"start":{"line":13,"column":19},"end":{"line":13,"column":51}},"7":{"start":{"line":14,"column":15},"end":{"line":14,"column":44}},"8":{"start":{"line":17,"column":22},"end":{"line":111,"column":1}},"9":{"start":{"line":114,"column":0},"end":{"line":126,"column":3}},"10":{"start":{"line":115,"column":2},"end":{"line":125,"column":3}},"11":{"start":{"line":116,"column":17},"end":{"line":116,"column":54}},"12":{"start":{"line":117,"column":4},"end":{"line":120,"column":5}},"13":{"start":{"line":118,"column":6},"end":{"line":118,"column":29}},"14":{"start":{"line":119,"column":6},"end":{"line":119,"column":63}},"15":{"start":{"line":121,"column":4},"end":{"line":121,"column":62}},"16":{"start":{"line":123,"column":4},"end":{"line":123,"column":67}},"17":{"start":{"line":124,"column":4},"end":{"line":124,"column":84}},"18":{"start":{"line":129,"column":0},"end":{"line":152,"column":3}},"19":{"start":{"line":130,"column":32},"end":{"line":130,"column":40}},"20":{"start":{"line":132,"column":2},"end":{"line":151,"column":3}},"21":{"start":{"line":133,"column":19},"end":{"line":133,"column":32}},"22":{"start":{"line":134,"column":18},"end":{"line":134,"column":54}},"23":{"start":{"line":134,"column":37},"end":{"line":134,"column":53}},"24":{"start":{"line":136,"column":4},"end":{"line":138,"column":5}},"25":{"start":{"line":137,"column":6},"end":{"line":137,"column":81}},"26":{"start":{"line":140,"column":19},"end":{"line":140,"column":64}},"27":{"start":{"line":141,"column":4},"end":{"line":141,"column":67}},"28":{"start":{"line":143,"column":4},"end":{"line":147,"column":7}},"29":{"start":{"line":149,"column":4},"end":{"line":149,"column":61}},"30":{"start":{"line":150,"column":4},"end":{"line":150,"column":79}},"31":{"start":{"line":154,"column":0},"end":{"line":154,"column":24}}},"fnMap":{"0":{"name":"(anonymous_0)","decl":{"start":{"line":114,"column":16},"end":{"line":114,"column":17}},"loc":{"start":{"line":114,"column":36},"end":{"line":126,"column":1}},"line":114},"1":{"name":"(anonymous_1)","decl":{"start":{"line":129,"column":63},"end":{"line":129,"column":64}},"loc":{"start":{"line":129,"column":83},"end":{"line":152,"column":1}},"line":129},"2":{"name":"(anonymous_2)","decl":{"start":{"line":134,"column":30},"end":{"line":134,"column":31}},"loc":{"start":{"line":134,"column":37},"end":{"line":134,"column":53}},"line":134}},"branchMap":{"0":{"loc":{"start":{"line":117,"column":4},"end":{"line":120,"column":5}},"type":"if","locations":[{"start":{"line":117,"column":4},"end":{"line":120,"column":5}},{"start":{},"end":{}}],"line":117},"1":{"loc":{"start":{"line":136,"column":4},"end":{"line":138,"column":5}},"type":"if","locations":[{"start":{"line":136,"column":4},"end":{"line":138,"column":5}},{"start":{},"end":{}}],"line":136}},"s":{"0":4,"1":4,"2":4,"3":4,"4":4,"5":4,"6":4,"7":4,"8":4,"9":4,"10":1,"11":1,"12":1,"13":1,"14":1,"15":1,"16":0,"17":0,"18":4,"19":1,"20":1,"21":1,"22":1,"23":8,"24":1,"25":0,"26":1,"27":1,"28":1,"29":0,"30":0,"31":4},"f":{"0":1,"1":1,"2":8},"b":{"0":[1,0],"1":[0,1]},"_coverageSchema":"1a1c01bbd47fc00a2c39e90264f33305004495a9","hash":"9a921c17ad0c67cf8d9aecc84241ca8060a4c8b5"}
,"E:\\promptwars\\BallotBuddy\\backend\\src\\routes\\voting.js": {"path":"E:\\promptwars\\BallotBuddy\\backend\\src\\routes\\voting.js","statementMap":{"0":{"start":{"line":6,"column":16},"end":{"line":6,"column":34}},"1":{"start":{"line":7,"column":15},"end":{"line":7,"column":31}},"2":{"start":{"line":8,"column":23},"end":{"line":8,"column":38}},"3":{"start":{"line":10,"column":23},"end":{"line":10,"column":56}},"4":{"start":{"line":11,"column":25},"end":{"line":11,"column":58}},"5":{"start":{"line":12,"column":26},"end":{"line":12,"column":55}},"6":{"start":{"line":13,"column":15},"end":{"line":13,"column":44}},"7":{"start":{"line":16,"column":23},"end":{"line":16,"column":32}},"8":{"start":{"line":19,"column":0},"end":{"line":50,"column":3}},"9":{"start":{"line":20,"column":37},"end":{"line":20,"column":45}},"10":{"start":{"line":23,"column":2},"end":{"line":29,"column":3}},"11":{"start":{"line":24,"column":4},"end":{"line":28,"column":7}},"12":{"start":{"line":31,"column":17},"end":{"line":31,"column":25}},"13":{"start":{"line":32,"column":20},"end":{"line":32,"column":44}},"14":{"start":{"line":33,"column":18},"end":{"line":41,"column":3}},"15":{"start":{"line":44,"column":2},"end":{"line":44,"column":41}},"16":{"start":{"line":45,"column":2},"end":{"line":45,"column":69}},"17":{"start":{"line":45,"column":19},"end":{"line":45,"column":51}},"18":{"start":{"line":47,"column":2},"end":{"line":47,"column":62}},"19":{"start":{"line":49,"column":2},"end":{"line":49,"column":39}},"20":{"start":{"line":53,"column":0},"end":{"line":59,"column":3}},"21":{"start":{"line":54,"column":18},"end":{"line":54,"column":58}},"22":{"start":{"line":55,"column":2},"end":{"line":57,"column":3}},"23":{"start":{"line":56,"column":4},"end":{"line":56,"column":94}},"24":{"start":{"line":58,"column":2},"end":{"line":58,"column":39}},"25":{"start":{"line":61,"column":0},"end":{"line":61,"column":24}}},"fnMap":{"0":{"name":"(anonymous_0)","decl":{"start":{"line":19,"column":79},"end":{"line":19,"column":80}},"loc":{"start":{"line":19,"column":93},"end":{"line":50,"column":1}},"line":19},"1":{"name":"(anonymous_1)","decl":{"start":{"line":45,"column":13},"end":{"line":45,"column":14}},"loc":{"start":{"line":45,"column":19},"end":{"line":45,"column":51}},"line":45},"2":{"name":"(anonymous_2)","decl":{"start":{"line":53,"column":34},"end":{"line":53,"column":35}},"loc":{"start":{"line":53,"column":48},"end":{"line":59,"column":1}},"line":53}},"branchMap":{"0":{"loc":{"start":{"line":23,"column":2},"end":{"line":29,"column":3}},"type":"if","locations":[{"start":{"line":23,"column":2},"end":{"line":29,"column":3}},{"start":{},"end":{}}],"line":23},"1":{"loc":{"start":{"line":55,"column":2},"end":{"line":57,"column":3}},"type":"if","locations":[{"start":{"line":55,"column":2},"end":{"line":57,"column":3}},{"start":{},"end":{}}],"line":55}},"s":{"0":4,"1":4,"2":4,"3":4,"4":4,"5":4,"6":4,"7":4,"8":4,"9":1,"10":1,"11":0,"12":1,"13":1,"14":1,"15":1,"16":1,"17":0,"18":1,"19":1,"20":4,"21":1,"22":1,"23":1,"24":0,"25":4},"f":{"0":1,"1":0,"2":1},"b":{"0":[0,1],"1":[1,0]},"_coverageSchema":"1a1c01bbd47fc00a2c39e90264f33305004495a9","hash":"43dbdc60f60fd41345d9c7fd3acd81dde32cbfde"}
,"E:\\promptwars\\BallotBuddy\\backend\\src\\services\\fcm.js": {"path":"E:\\promptwars\\BallotBuddy\\backend\\src\\services\\fcm.js","statementMap":{"0":{"start":{"line":5,"column":23},"end":{"line":5,"column":53}},"1":{"start":{"line":6,"column":14},"end":{"line":6,"column":30}},"2":{"start":{"line":7,"column":15},"end":{"line":7,"column":34}},"3":{"start":{"line":9,"column":15},"end":{"line":9,"column":65}},"4":{"start":{"line":10,"column":13},"end":{"line":13,"column":2}},"5":{"start":{"line":18,"column":23},"end":{"line":22,"column":1}},"6":{"start":{"line":19,"column":17},"end":{"line":19,"column":39}},"7":{"start":{"line":20,"column":16},"end":{"line":20,"column":45}},"8":{"start":{"line":21,"column":2},"end":{"line":21,"column":21}},"9":{"start":{"line":31,"column":25},"end":{"line":76,"column":1}},"10":{"start":{"line":32,"column":2},"end":{"line":35,"column":3}},"11":{"start":{"line":33,"column":4},"end":{"line":33,"column":65}},"12":{"start":{"line":34,"column":4},"end":{"line":34,"column":50}},"13":{"start":{"line":37,"column":20},"end":{"line":37,"column":73}},"14":{"start":{"line":38,"column":14},"end":{"line":38,"column":81}},"15":{"start":{"line":40,"column":18},"end":{"line":58,"column":3}},"16":{"start":{"line":60,"column":2},"end":{"line":75,"column":3}},"17":{"start":{"line":61,"column":24},"end":{"line":61,"column":46}},"18":{"start":{"line":62,"column":21},"end":{"line":67,"column":6}},"19":{"start":{"line":69,"column":4},"end":{"line":69,"column":76}},"20":{"start":{"line":70,"column":4},"end":{"line":70,"column":60}},"21":{"start":{"line":72,"column":25},"end":{"line":72,"column":78}},"22":{"start":{"line":73,"column":4},"end":{"line":73,"column":95}},"23":{"start":{"line":74,"column":4},"end":{"line":74,"column":52}},"24":{"start":{"line":83,"column":29},"end":{"line":99,"column":1}},"25":{"start":{"line":84,"column":2},"end":{"line":84,"column":45}},"26":{"start":{"line":84,"column":38},"end":{"line":84,"column":45}},"27":{"start":{"line":86,"column":16},"end":{"line":86,"column":55}},"28":{"start":{"line":87,"column":15},"end":{"line":87,"column":91}},"29":{"start":{"line":89,"column":18},"end":{"line":94,"column":3}},"30":{"start":{"line":90,"column":26},"end":{"line":93,"column":6}},"31":{"start":{"line":96,"column":20},"end":{"line":96,"column":93}},"32":{"start":{"line":96,"column":42},"end":{"line":96,"column":85}},"33":{"start":{"line":97,"column":2},"end":{"line":97,"column":81}},"34":{"start":{"line":98,"column":2},"end":{"line":98,"column":51}},"35":{"start":{"line":101,"column":0},"end":{"line":101,"column":60}}},"fnMap":{"0":{"name":"(anonymous_0)","decl":{"start":{"line":18,"column":23},"end":{"line":18,"column":24}},"loc":{"start":{"line":18,"column":35},"end":{"line":22,"column":1}},"line":18},"1":{"name":"(anonymous_1)","decl":{"start":{"line":31,"column":25},"end":{"line":31,"column":26}},"loc":{"start":{"line":31,"column":66},"end":{"line":76,"column":1}},"line":31},"2":{"name":"(anonymous_2)","decl":{"start":{"line":83,"column":29},"end":{"line":83,"column":30}},"loc":{"start":{"line":83,"column":54},"end":{"line":99,"column":1}},"line":83},"3":{"name":"(anonymous_3)","decl":{"start":{"line":90,"column":15},"end":{"line":90,"column":16}},"loc":{"start":{"line":90,"column":26},"end":{"line":93,"column":6}},"line":90},"4":{"name":"(anonymous_4)","decl":{"start":{"line":96,"column":35},"end":{"line":96,"column":36}},"loc":{"start":{"line":96,"column":42},"end":{"line":96,"column":85}},"line":96}},"branchMap":{"0":{"loc":{"start":{"line":31,"column":52},"end":{"line":31,"column":61}},"type":"default-arg","locations":[{"start":{"line":31,"column":59},"end":{"line":31,"column":61}}],"line":31},"1":{"loc":{"start":{"line":32,"column":2},"end":{"line":35,"column":3}},"type":"if","locations":[{"start":{"line":32,"column":2},"end":{"line":35,"column":3}},{"start":{},"end":{}}],"line":32},"2":{"loc":{"start":{"line":37,"column":20},"end":{"line":37,"column":73}},"type":"binary-expr","locations":[{"start":{"line":37,"column":20},"end":{"line":37,"column":51}},{"start":{"line":37,"column":55},"end":{"line":37,"column":73}}],"line":37},"3":{"loc":{"start":{"line":72,"column":25},"end":{"line":72,"column":78}},"type":"binary-expr","locations":[{"start":{"line":72,"column":25},"end":{"line":72,"column":61}},{"start":{"line":72,"column":65},"end":{"line":72,"column":78}}],"line":72},"4":{"loc":{"start":{"line":84,"column":2},"end":{"line":84,"column":45}},"type":"if","locations":[{"start":{"line":84,"column":2},"end":{"line":84,"column":45}},{"start":{},"end":{}}],"line":84},"5":{"loc":{"start":{"line":84,"column":6},"end":{"line":84,"column":36}},"type":"binary-expr","locations":[{"start":{"line":84,"column":6},"end":{"line":84,"column":13}},{"start":{"line":84,"column":17},"end":{"line":84,"column":36}}],"line":84},"6":{"loc":{"start":{"line":96,"column":42},"end":{"line":96,"column":85}},"type":"binary-expr","locations":[{"start":{"line":96,"column":42},"end":{"line":96,"column":66}},{"start":{"line":96,"column":70},"end":{"line":96,"column":85}}],"line":96}},"s":{"0":4,"1":4,"2":4,"3":4,"4":4,"5":4,"6":1,"7":1,"8":1,"9":4,"10":1,"11":0,"12":0,"13":1,"14":1,"15":1,"16":1,"17":1,"18":1,"19":1,"20":1,"21":0,"22":0,"23":0,"24":4,"25":2,"26":1,"27":1,"28":1,"29":1,"30":1,"31":1,"32":1,"33":1,"34":1,"35":4},"f":{"0":1,"1":1,"2":2,"3":1,"4":1},"b":{"0":[0],"1":[0,1],"2":[1,1],"3":[0,0],"4":[1,1],"5":[2,2],"6":[1,1]},"_coverageSchema":"1a1c01bbd47fc00a2c39e90264f33305004495a9","hash":"7dac6b3744ca1858c99dd2c174f2951da62ad31e"}
,"E:\\promptwars\\BallotBuddy\\backend\\src\\services\\firestore.js": {"path":"E:\\promptwars\\BallotBuddy\\backend\\src\\services\\firestore.js","statementMap":{"0":{"start":{"line":6,"column":22},"end":{"line":6,"column":56}},"1":{"start":{"line":7,"column":15},"end":{"line":7,"column":34}},"2":{"start":{"line":10,"column":11},"end":{"line":13,"column":2}},"3":{"start":{"line":18,"column":15},"end":{"line":23,"column":1}},"4":{"start":{"line":19,"column":14},"end":{"line":19,"column":50}},"5":{"start":{"line":20,"column":15},"end":{"line":20,"column":30}},"6":{"start":{"line":21,"column":2},"end":{"line":21,"column":32}},"7":{"start":{"line":21,"column":20},"end":{"line":21,"column":32}},"8":{"start":{"line":22,"column":2},"end":{"line":22,"column":41}},"9":{"start":{"line":28,"column":16},"end":{"line":34,"column":1}},"10":{"start":{"line":29,"column":14},"end":{"line":29,"column":39}},"11":{"start":{"line":30,"column":2},"end":{"line":30,"column":46}},"12":{"start":{"line":30,"column":15},"end":{"line":30,"column":46}},"13":{"start":{"line":31,"column":2},"end":{"line":31,"column":40}},"14":{"start":{"line":31,"column":13},"end":{"line":31,"column":40}},"15":{"start":{"line":32,"column":15},"end":{"line":32,"column":32}},"16":{"start":{"line":33,"column":2},"end":{"line":33,"column":59}},"17":{"start":{"line":33,"column":31},"end":{"line":33,"column":56}},"18":{"start":{"line":39,"column":18},"end":{"line":46,"column":1}},"19":{"start":{"line":40,"column":14},"end":{"line":43,"column":4}},"20":{"start":{"line":44,"column":14},"end":{"line":44,"column":29}},"21":{"start":{"line":45,"column":2},"end":{"line":45,"column":39}},"22":{"start":{"line":51,"column":15},"end":{"line":57,"column":1}},"23":{"start":{"line":52,"column":2},"end":{"line":55,"column":22}},"24":{"start":{"line":56,"column":2},"end":{"line":56,"column":32}},"25":{"start":{"line":62,"column":18},"end":{"line":64,"column":1}},"26":{"start":{"line":63,"column":2},"end":{"line":63,"column":54}},"27":{"start":{"line":69,"column":18},"end":{"line":72,"column":1}},"28":{"start":{"line":70,"column":15},"end":{"line":70,"column":82}},"29":{"start":{"line":71,"column":2},"end":{"line":71,"column":59}},"30":{"start":{"line":71,"column":31},"end":{"line":71,"column":56}},"31":{"start":{"line":74,"column":0},"end":{"line":74,"column":82}}},"fnMap":{"0":{"name":"(anonymous_0)","decl":{"start":{"line":18,"column":15},"end":{"line":18,"column":16}},"loc":{"start":{"line":18,"column":44},"end":{"line":23,"column":1}},"line":18},"1":{"name":"(anonymous_1)","decl":{"start":{"line":28,"column":16},"end":{"line":28,"column":17}},"loc":{"start":{"line":28,"column":67},"end":{"line":34,"column":1}},"line":28},"2":{"name":"(anonymous_2)","decl":{"start":{"line":33,"column":23},"end":{"line":33,"column":24}},"loc":{"start":{"line":33,"column":31},"end":{"line":33,"column":56}},"line":33},"3":{"name":"(anonymous_3)","decl":{"start":{"line":39,"column":18},"end":{"line":39,"column":19}},"loc":{"start":{"line":39,"column":46},"end":{"line":46,"column":1}},"line":39},"4":{"name":"(anonymous_4)","decl":{"start":{"line":51,"column":15},"end":{"line":51,"column":16}},"loc":{"start":{"line":51,"column":50},"end":{"line":57,"column":1}},"line":51},"5":{"name":"(anonymous_5)","decl":{"start":{"line":62,"column":18},"end":{"line":62,"column":19}},"loc":{"start":{"line":62,"column":47},"end":{"line":64,"column":1}},"line":62},"6":{"name":"(anonymous_6)","decl":{"start":{"line":69,"column":18},"end":{"line":69,"column":19}},"loc":{"start":{"line":69,"column":64},"end":{"line":72,"column":1}},"line":69},"7":{"name":"(anonymous_7)","decl":{"start":{"line":71,"column":23},"end":{"line":71,"column":24}},"loc":{"start":{"line":71,"column":31},"end":{"line":71,"column":56}},"line":71}},"branchMap":{"0":{"loc":{"start":{"line":11,"column":13},"end":{"line":11,"column":66}},"type":"binary-expr","locations":[{"start":{"line":11,"column":13},"end":{"line":11,"column":44}},{"start":{"line":11,"column":48},"end":{"line":11,"column":66}}],"line":11},"1":{"loc":{"start":{"line":21,"column":2},"end":{"line":21,"column":32}},"type":"if","locations":[{"start":{"line":21,"column":2},"end":{"line":21,"column":32}},{"start":{},"end":{}}],"line":21},"2":{"loc":{"start":{"line":28,"column":35},"end":{"line":28,"column":49}},"type":"default-arg","locations":[{"start":{"line":28,"column":45},"end":{"line":28,"column":49}}],"line":28},"3":{"loc":{"start":{"line":28,"column":51},"end":{"line":28,"column":62}},"type":"default-arg","locations":[{"start":{"line":28,"column":59},"end":{"line":28,"column":62}}],"line":28},"4":{"loc":{"start":{"line":30,"column":2},"end":{"line":30,"column":46}},"type":"if","locations":[{"start":{"line":30,"column":2},"end":{"line":30,"column":46}},{"start":{},"end":{}}],"line":30},"5":{"loc":{"start":{"line":31,"column":2},"end":{"line":31,"column":40}},"type":"if","locations":[{"start":{"line":31,"column":2},"end":{"line":31,"column":40}},{"start":{},"end":{}}],"line":31}},"s":{"0":2,"1":2,"2":2,"3":2,"4":1,"5":1,"6":1,"7":0,"8":1,"9":2,"10":1,"11":1,"12":0,"13":1,"14":1,"15":1,"16":1,"17":2,"18":2,"19":1,"20":1,"21":1,"22":2,"23":1,"24":1,"25":2,"26":0,"27":2,"28":1,"29":1,"30":2,"31":2},"f":{"0":1,"1":1,"2":2,"3":1,"4":1,"5":0,"6":1,"7":2},"b":{"0":[2,1],"1":[0,1],"2":[1],"3":[1],"4":[0,1],"5":[1,0]},"_coverageSchema":"1a1c01bbd47fc00a2c39e90264f33305004495a9","hash":"72e17321c7addc071e59bac9b0564c8cbc6067a4"}
,"E:\\promptwars\\BallotBuddy\\backend\\src\\services\\logger.js": {"path":"E:\\promptwars\\BallotBuddy\\backend\\src\\services\\logger.js","statementMap":{"0":{"start":{"line":6,"column":45},"end":{"line":6,"column":63}},"1":{"start":{"line":8,"column":63},"end":{"line":8,"column":69}},"2":{"start":{"line":10,"column":21},"end":{"line":10,"column":58}},"3":{"start":{"line":12,"column":15},"end":{"line":27,"column":2}},"4":{"start":{"line":30,"column":0},"end":{"line":34,"column":1}},"5":{"start":{"line":31,"column":29},"end":{"line":31,"column":69}},"6":{"start":{"line":32,"column":25},"end":{"line":32,"column":45}},"7":{"start":{"line":33,"column":2},"end":{"line":33,"column":29}},"8":{"start":{"line":36,"column":0},"end":{"line":36,"column":24}}},"fnMap":{},"branchMap":{"0":{"loc":{"start":{"line":13,"column":9},"end":{"line":13,"column":40}},"type":"binary-expr","locations":[{"start":{"line":13,"column":9},"end":{"line":13,"column":30}},{"start":{"line":13,"column":34},"end":{"line":13,"column":40}}],"line":13},"1":{"loc":{"start":{"line":22,"column":14},"end":{"line":24,"column":39}},"type":"cond-expr","locations":[{"start":{"line":23,"column":10},"end":{"line":23,"column":63}},{"start":{"line":24,"column":10},"end":{"line":24,"column":39}}],"line":22},"2":{"loc":{"start":{"line":30,"column":0},"end":{"line":34,"column":1}},"type":"if","locations":[{"start":{"line":30,"column":0},"end":{"line":34,"column":1}},{"start":{},"end":{}}],"line":30}},"s":{"0":6,"1":6,"2":6,"3":6,"4":6,"5":0,"6":0,"7":0,"8":6},"f":{},"b":{"0":[6,2],"1":[0,6],"2":[0,6]},"_coverageSchema":"1a1c01bbd47fc00a2c39e90264f33305004495a9","hash":"002d06df7e4821c5b06020b1124bd17dff72f45f"}
,"E:\\promptwars\\BallotBuddy\\backend\\src\\services\\vertexai.js": {"path":"E:\\promptwars\\BallotBuddy\\backend\\src\\services\\vertexai.js","statementMap":{"0":{"start":{"line":6,"column":15},"end":{"line":6,"column":34}},"1":{"start":{"line":10,"column":0},"end":{"line":14,"column":1}},"2":{"start":{"line":11,"column":2},"end":{"line":11,"column":53}},"3":{"start":{"line":13,"column":2},"end":{"line":13,"column":62}},"4":{"start":{"line":16,"column":31},"end":{"line":34,"column":56}},"5":{"start":{"line":37,"column":23},"end":{"line":87,"column":1}},"6":{"start":{"line":92,"column":24},"end":{"line":98,"column":1}},"7":{"start":{"line":93,"column":14},"end":{"line":93,"column":39}},"8":{"start":{"line":94,"column":2},"end":{"line":96,"column":3}},"9":{"start":{"line":95,"column":4},"end":{"line":95,"column":35}},"10":{"start":{"line":97,"column":2},"end":{"line":97,"column":32}},"11":{"start":{"line":107,"column":13},"end":{"line":157,"column":1}},"12":{"start":{"line":108,"column":21},"end":{"line":108,"column":53}},"13":{"start":{"line":109,"column":19},"end":{"line":109,"column":66}},"14":{"start":{"line":110,"column":16},"end":{"line":110,"column":69}},"15":{"start":{"line":111,"column":19},"end":{"line":111,"column":81}},"16":{"start":{"line":113,"column":2},"end":{"line":118,"column":3}},"17":{"start":{"line":114,"column":4},"end":{"line":114,"column":103}},"18":{"start":{"line":116,"column":4},"end":{"line":116,"column":49}},"19":{"start":{"line":116,"column":29},"end":{"line":116,"column":47}},"20":{"start":{"line":117,"column":4},"end":{"line":117,"column":40}},"21":{"start":{"line":120,"column":2},"end":{"line":156,"column":3}},"22":{"start":{"line":121,"column":21},"end":{"line":121,"column":78}},"23":{"start":{"line":122,"column":28},"end":{"line":133,"column":6}},"24":{"start":{"line":136,"column":24},"end":{"line":139,"column":7}},"25":{"start":{"line":136,"column":46},"end":{"line":139,"column":5}},"26":{"start":{"line":141,"column":32},"end":{"line":143,"column":10}},"27":{"start":{"line":145,"column":24},"end":{"line":145,"column":75}},"28":{"start":{"line":146,"column":19},"end":{"line":146,"column":83}},"29":{"start":{"line":147,"column":25},"end":{"line":147,"column":76}},"30":{"start":{"line":150,"column":19},"end":{"line":150,"column":43}},"31":{"start":{"line":151,"column":4},"end":{"line":151,"column":65}},"32":{"start":{"line":152,"column":4},"end":{"line":152,"column":18}},"33":{"start":{"line":154,"column":4},"end":{"line":154,"column":84}},"34":{"start":{"line":155,"column":4},"end":{"line":155,"column":40}},"35":{"start":{"line":164,"column":26},"end":{"line":187,"column":1}},"36":{"start":{"line":165,"column":19},"end":{"line":165,"column":103}},"37":{"start":{"line":167,"column":2},"end":{"line":169,"column":3}},"38":{"start":{"line":168,"column":4},"end":{"line":168,"column":471}},"39":{"start":{"line":171,"column":2},"end":{"line":186,"column":3}},"40":{"start":{"line":172,"column":23},"end":{"line":172,"column":55}},"41":{"start":{"line":173,"column":21},"end":{"line":173,"column":68}},"42":{"start":{"line":174,"column":21},"end":{"line":174,"column":78}},"43":{"start":{"line":175,"column":28},"end":{"line":178,"column":6}},"44":{"start":{"line":180,"column":19},"end":{"line":180,"column":219}},"45":{"start":{"line":181,"column":19},"end":{"line":181,"column":64}},"46":{"start":{"line":182,"column":4},"end":{"line":182,"column":63}},"47":{"start":{"line":184,"column":4},"end":{"line":184,"column":76}},"48":{"start":{"line":185,"column":4},"end":{"line":185,"column":107}},"49":{"start":{"line":189,"column":0},"end":{"line":189,"column":45}}},"fnMap":{"0":{"name":"(anonymous_0)","decl":{"start":{"line":92,"column":24},"end":{"line":92,"column":25}},"loc":{"start":{"line":92,"column":41},"end":{"line":98,"column":1}},"line":92},"1":{"name":"(anonymous_1)","decl":{"start":{"line":107,"column":13},"end":{"line":107,"column":14}},"loc":{"start":{"line":107,"column":67},"end":{"line":157,"column":1}},"line":107},"2":{"name":"(anonymous_2)","decl":{"start":{"line":116,"column":22},"end":{"line":116,"column":23}},"loc":{"start":{"line":116,"column":29},"end":{"line":116,"column":47}},"line":116},"3":{"name":"(anonymous_3)","decl":{"start":{"line":136,"column":36},"end":{"line":136,"column":37}},"loc":{"start":{"line":136,"column":46},"end":{"line":139,"column":5}},"line":136},"4":{"name":"(anonymous_4)","decl":{"start":{"line":164,"column":26},"end":{"line":164,"column":27}},"loc":{"start":{"line":164,"column":48},"end":{"line":187,"column":1}},"line":164}},"branchMap":{"0":{"loc":{"start":{"line":94,"column":2},"end":{"line":96,"column":3}},"type":"if","locations":[{"start":{"line":94,"column":2},"end":{"line":96,"column":3}},{"start":{},"end":{}}],"line":94},"1":{"loc":{"start":{"line":94,"column":6},"end":{"line":94,"column":89}},"type":"binary-expr","locations":[{"start":{"line":94,"column":6},"end":{"line":94,"column":30}},{"start":{"line":94,"column":34},"end":{"line":94,"column":62}},{"start":{"line":94,"column":66},"end":{"line":94,"column":89}}],"line":94},"2":{"loc":{"start":{"line":107,"column":33},"end":{"line":107,"column":45}},"type":"default-arg","locations":[{"start":{"line":107,"column":43},"end":{"line":107,"column":45}}],"line":107},"3":{"loc":{"start":{"line":107,"column":47},"end":{"line":107,"column":62}},"type":"default-arg","locations":[{"start":{"line":107,"column":58},"end":{"line":107,"column":62}}],"line":107},"4":{"loc":{"start":{"line":109,"column":19},"end":{"line":109,"column":66}},"type":"binary-expr","locations":[{"start":{"line":109,"column":19},"end":{"line":109,"column":49}},{"start":{"line":109,"column":53},"end":{"line":109,"column":66}}],"line":109},"5":{"loc":{"start":{"line":110,"column":16},"end":{"line":110,"column":69}},"type":"binary-expr","locations":[{"start":{"line":110,"column":16},"end":{"line":110,"column":43}},{"start":{"line":110,"column":47},"end":{"line":110,"column":69}}],"line":110},"6":{"loc":{"start":{"line":111,"column":19},"end":{"line":111,"column":81}},"type":"binary-expr","locations":[{"start":{"line":111,"column":19},"end":{"line":111,"column":53}},{"start":{"line":111,"column":57},"end":{"line":111,"column":68}},{"start":{"line":111,"column":72},"end":{"line":111,"column":81}}],"line":111},"7":{"loc":{"start":{"line":113,"column":2},"end":{"line":118,"column":3}},"type":"if","locations":[{"start":{"line":113,"column":2},"end":{"line":118,"column":3}},{"start":{},"end":{}}],"line":113},"8":{"loc":{"start":{"line":141,"column":32},"end":{"line":143,"column":10}},"type":"cond-expr","locations":[{"start":{"line":142,"column":8},"end":{"line":142,"column":86}},{"start":{"line":143,"column":8},"end":{"line":143,"column":10}}],"line":141},"9":{"loc":{"start":{"line":142,"column":37},"end":{"line":142,"column":74}},"type":"cond-expr","locations":[{"start":{"line":142,"column":57},"end":{"line":142,"column":64}},{"start":{"line":142,"column":67},"end":{"line":142,"column":74}}],"line":142},"10":{"loc":{"start":{"line":165,"column":19},"end":{"line":165,"column":103}},"type":"binary-expr","locations":[{"start":{"line":165,"column":19},"end":{"line":165,"column":53}},{"start":{"line":165,"column":57},"end":{"line":165,"column":90}},{"start":{"line":165,"column":94},"end":{"line":165,"column":103}}],"line":165},"11":{"loc":{"start":{"line":167,"column":2},"end":{"line":169,"column":3}},"type":"if","locations":[{"start":{"line":167,"column":2},"end":{"line":169,"column":3}},{"start":{},"end":{}}],"line":167},"12":{"loc":{"start":{"line":168,"column":37},"end":{"line":168,"column":73}},"type":"binary-expr","locations":[{"start":{"line":168,"column":37},"end":{"line":168,"column":56}},{"start":{"line":168,"column":60},"end":{"line":168,"column":73}}],"line":168},"13":{"loc":{"start":{"line":168,"column":97},"end":{"line":168,"column":141}},"type":"binary-expr","locations":[{"start":{"line":168,"column":97},"end":{"line":168,"column":121}},{"start":{"line":168,"column":125},"end":{"line":168,"column":141}}],"line":168},"14":{"loc":{"start":{"line":168,"column":169},"end":{"line":168,"column":199}},"type":"binary-expr","locations":[{"start":{"line":168,"column":169},"end":{"line":168,"column":190}},{"start":{"line":168,"column":194},"end":{"line":168,"column":199}}],"line":168},"15":{"loc":{"start":{"line":168,"column":204},"end":{"line":168,"column":240}},"type":"binary-expr","locations":[{"start":{"line":168,"column":204},"end":{"line":168,"column":223}},{"start":{"line":168,"column":227},"end":{"line":168,"column":240}}],"line":168},"16":{"loc":{"start":{"line":168,"column":265},"end":{"line":168,"column":305}},"type":"binary-expr","locations":[{"start":{"line":168,"column":265},"end":{"line":168,"column":289}},{"start":{"line":168,"column":293},"end":{"line":168,"column":305}}],"line":168},"17":{"loc":{"start":{"line":173,"column":21},"end":{"line":173,"column":68}},"type":"binary-expr","locations":[{"start":{"line":173,"column":21},"end":{"line":173,"column":51}},{"start":{"line":173,"column":55},"end":{"line":173,"column":68}}],"line":173},"18":{"loc":{"start":{"line":176,"column":13},"end":{"line":176,"column":66}},"type":"binary-expr","locations":[{"start":{"line":176,"column":13},"end":{"line":176,"column":40}},{"start":{"line":176,"column":44},"end":{"line":176,"column":66}}],"line":176}},"s":{"0":4,"1":4,"2":4,"3":0,"4":4,"5":4,"6":4,"7":0,"8":0,"9":0,"10":0,"11":4,"12":2,"13":2,"14":2,"15":2,"16":2,"17":0,"18":0,"19":0,"20":0,"21":2,"22":2,"23":2,"24":2,"25":0,"26":2,"27":2,"28":2,"29":2,"30":2,"31":2,"32":2,"33":0,"34":0,"35":4,"36":2,"37":2,"38":1,"39":1,"40":1,"41":1,"42":1,"43":1,"44":1,"45":1,"46":1,"47":0,"48":0,"49":4},"f":{"0":0,"1":2,"2":0,"3":0,"4":2},"b":{"0":[0,0],"1":[0,0,0],"2":[1],"3":[1],"4":[2,2],"5":[2,2],"6":[2,2,2],"7":[0,2],"8":[1,1],"9":[1,0],"10":[2,1,1],"11":[1,1],"12":[1,0],"13":[1,1],"14":[1,1],"15":[1,0],"16":[1,1],"17":[1,1],"18":[1,1]},"_coverageSchema":"1a1c01bbd47fc00a2c39e90264f33305004495a9","hash":"b2497e7c03516b6e993e6a245763c82d3c348933"}
}
