TN:
SF:server.js
FN:43,(anonymous_0)
FN:46,(anonymous_1)
FN:74,(anonymous_2)
FN:76,(anonymous_3)
FN:97,(anonymous_4)
FN:113,(anonymous_5)
FN:122,(anonymous_6)
FN:136,(anonymous_7)
FN:144,(anonymous_8)
FNF:9
FNH:4
FNDA:8,(anonymous_0)
FNDA:13,(anonymous_1)
FNDA:13,(anonymous_2)
FNDA:13,(anonymous_3)
FNDA:0,(anonymous_4)
FNDA:0,(anonymous_5)
FNDA:0,(anonymous_6)
FNDA:0,(anonymous_7)
FNDA:0,(anonymous_8)
DA:5,4
DA:7,4
DA:8,4
DA:9,4
DA:10,4
DA:12,4
DA:13,4
DA:16,4
DA:17,4
DA:18,4
DA:19,4
DA:21,4
DA:22,4
DA:27,4
DA:41,4
DA:43,8
DA:45,4
DA:48,13
DA:49,13
DA:51,0
DA:52,0
DA:63,4
DA:64,4
DA:69,4
DA:74,4
DA:75,13
DA:76,13
DA:77,13
DA:85,13
DA:91,4
DA:92,4
DA:93,4
DA:94,4
DA:97,4
DA:98,0
DA:110,4
DA:111,0
DA:112,0
DA:113,0
DA:114,0
DA:122,4
DA:123,0
DA:125,0
DA:126,0
DA:129,0
DA:136,4
DA:137,0
DA:143,4
DA:144,0
DA:145,0
DA:152,4
LF:51
LH:37
BRDA:22,0,0,4
BRDA:22,0,1,0
BRDA:41,1,0,4
BRDA:41,1,1,0
BRDA:48,2,0,13
BRDA:48,2,1,0
BRDA:48,3,0,13
BRDA:48,3,1,0
BRDA:101,4,0,0
BRDA:101,4,1,0
BRDA:110,5,0,0
BRDA:110,5,1,4
BRDA:125,6,0,0
BRDA:125,6,1,0
BRDA:129,7,0,0
BRDA:129,7,1,0
BRDA:131,8,0,0
BRDA:131,8,1,0
BRDA:143,9,0,0
BRDA:143,9,1,4
BRDA:146,10,0,0
BRDA:146,10,1,0
BRF:22
BRH:6
end_of_record
TN:
SF:src\middleware\auth.js
FN:7,(anonymous_0)
FN:23,(anonymous_1)
FNF:2
FNH:2
FNDA:4,(anonymous_0)
FNDA:7,(anonymous_1)
DA:5,5
DA:7,5
DA:8,4
DA:10,4
DA:11,2
DA:12,2
DA:19,2
DA:20,2
DA:23,5
DA:24,7
DA:25,7
DA:28,5
LF:12
LH:12
BRDA:10,0,0,2
BRDA:10,0,1,2
BRDA:24,1,0,7
BRDA:24,1,1,5
BRF:4
BRH:4
end_of_record
TN:
SF:src\middleware\rateLimiter.js
FN:17,(anonymous_0)
FN:31,(anonymous_1)
FN:48,(anonymous_2)
FNF:3
FNH:0
FNDA:0,(anonymous_0)
FNDA:0,(anonymous_1)
FNDA:0,(anonymous_2)
DA:5,4
DA:6,4
DA:11,4
DA:18,0
DA:19,0
DA:26,4
DA:32,0
DA:33,0
DA:43,4
DA:49,0
DA:50,0
DA:57,4
LF:12
LH:6
BRDA:13,0,0,4
BRDA:13,0,1,0
BRDA:28,1,0,4
BRDA:28,1,1,0
BRDA:45,2,0,4
BRDA:45,2,1,0
BRF:6
BRH:3
end_of_record
TN:
SF:src\middleware\sanitize.js
FN:10,(anonymous_0)
FN:19,(anonymous_1)
FN:28,(anonymous_2)
FNF:3
FNH:3
FNDA:22,(anonymous_0)
FNDA:11,(anonymous_1)
FNDA:7,(anonymous_2)
DA:5,5
DA:6,5
DA:7,5
DA:8,5
DA:10,5
DA:11,22
DA:12,12
DA:14,10
DA:15,2
DA:17,8
DA:18,8
DA:19,11
DA:22,0
DA:28,5
DA:29,7
DA:30,7
DA:32,7
DA:35,5
LF:18
LH:17
BRDA:11,0,0,12
BRDA:11,0,1,10
BRDA:14,1,0,2
BRDA:14,1,1,8
BRDA:17,2,0,8
BRDA:17,2,1,0
BRDA:17,3,0,8
BRDA:17,3,1,8
BRDA:29,4,0,7
BRDA:29,4,1,0
BRDA:29,5,0,7
BRDA:29,5,1,7
BRF:12
BRH:10
end_of_record
TN:
SF:src\middleware\validate.js
FN:11,(anonymous_0)
FN:11,(anonymous_1)
FN:18,(anonymous_2)
FNF:3
FNH:3
FNDA:24,(anonymous_0)
FNDA:7,(anonymous_1)
FNDA:3,(anonymous_2)
DA:5,4
DA:6,4
DA:11,24
DA:12,7
DA:17,7
DA:18,3
DA:22,3
DA:23,3
DA:26,4
DA:27,4
DA:32,4
DA:71,4
DA:80,4
LF:13
LH:13
BRDA:11,0,0,24
BRDA:17,1,0,3
BRDA:17,1,1,4
BRF:3
BRH:3
end_of_record
TN:
SF:src\routes\candidates.js
FN:81,(anonymous_0)
FN:98,(anonymous_1)
FN:102,(anonymous_2)
FN:114,(anonymous_3)
FN:121,(anonymous_4)
FNF:5
FNH:5
FNDA:1,(anonymous_0)
FNDA:1,(anonymous_1)
FNDA:4,(anonymous_2)
FNDA:1,(anonymous_3)
FNDA:2,(anonymous_4)
DA:7,4
DA:8,4
DA:10,4
DA:11,4
DA:12,4
DA:13,4
DA:14,4
DA:17,4
DA:81,4
DA:82,1
DA:83,1
DA:84,1
DA:86,0
DA:87,0
DA:89,1
DA:91,0
DA:93,0
DA:98,4
DA:99,1
DA:100,1
DA:101,1
DA:102,4
DA:104,1
DA:105,1
DA:107,0
DA:109,0
DA:114,4
DA:115,1
DA:117,1
DA:118,1
DA:119,1
DA:121,2
DA:122,1
DA:123,0
DA:126,1
DA:127,1
DA:129,0
DA:130,0
DA:134,4
LF:39
LH:30
BRDA:84,0,0,0
BRDA:84,0,1,1
BRDA:101,1,0,1
BRDA:101,1,1,0
BRDA:104,2,0,1
BRDA:104,2,1,0
BRDA:119,3,0,0
BRDA:119,3,1,1
BRDA:122,4,0,0
BRDA:122,4,1,1
BRF:10
BRH:5
end_of_record
TN:
SF:src\routes\chat.js
FN:17,(anonymous_0)
FN:35,(anonymous_1)
FN:53,(anonymous_2)
FNF:3
FNH:2
FNDA:1,(anonymous_0)
FNDA:0,(anonymous_1)
FNDA:1,(anonymous_2)
DA:5,4
DA:6,4
DA:8,4
DA:9,4
DA:10,4
DA:11,4
DA:12,4
DA:13,4
DA:14,4
DA:17,4
DA:18,1
DA:19,1
DA:21,1
DA:22,1
DA:25,1
DA:28,1
DA:29,0
DA:35,0
DA:38,1
DA:44,0
DA:45,0
DA:53,4
DA:54,1
DA:55,0
DA:57,1
DA:58,1
DA:59,1
DA:60,1
DA:62,0
DA:66,4
LF:30
LH:24
BRDA:28,0,0,0
BRDA:28,0,1,1
BRDA:54,1,0,0
BRDA:54,1,1,1
BRF:4
BRH:2
end_of_record
TN:
SF:src\routes\timeline.js
FN:114,(anonymous_0)
FN:129,(anonymous_1)
FN:134,(anonymous_2)
FNF:3
FNH:3
FNDA:1,(anonymous_0)
FNDA:1,(anonymous_1)
FNDA:8,(anonymous_2)
DA:6,4
DA:7,4
DA:9,4
DA:10,4
DA:11,4
DA:12,4
DA:13,4
DA:14,4
DA:17,4
DA:114,4
DA:115,1
DA:116,1
DA:117,1
DA:118,1
DA:119,1
DA:121,1
DA:123,0
DA:124,0
DA:129,4
DA:130,1
DA:132,1
DA:133,1
DA:134,8
DA:136,1
DA:137,0
DA:140,1
DA:141,1
DA:143,1
DA:149,0
DA:150,0
DA:154,4
LF:31
LH:26
BRDA:117,0,0,1
BRDA:117,0,1,0
BRDA:136,1,0,0
BRDA:136,1,1,1
BRF:4
BRH:2
end_of_record
TN:
SF:src\routes\voting.js
FN:19,(anonymous_0)
FN:45,(anonymous_1)
FN:53,(anonymous_2)
FNF:3
FNH:2
FNDA:1,(anonymous_0)
FNDA:0,(anonymous_1)
FNDA:1,(anonymous_2)
DA:6,4
DA:7,4
DA:8,4
DA:10,4
DA:11,4
DA:12,4
DA:13,4
DA:16,4
DA:19,4
DA:20,1
DA:23,1
DA:24,0
DA:31,1
DA:32,1
DA:33,1
DA:44,1
DA:45,1
DA:47,1
DA:49,1
DA:53,4
DA:54,1
DA:55,1
DA:56,1
DA:58,0
DA:61,4
LF:25
LH:23
BRDA:23,0,0,0
BRDA:23,0,1,1
BRDA:55,1,0,1
BRDA:55,1,1,0
BRF:4
BRH:2
end_of_record
TN:
SF:src\services\fcm.js
FN:18,(anonymous_0)
FN:31,(anonymous_1)
FN:83,(anonymous_2)
FN:90,(anonymous_3)
FN:96,(anonymous_4)
FNF:5
FNH:5
FNDA:1,(anonymous_0)
FNDA:1,(anonymous_1)
FNDA:2,(anonymous_2)
FNDA:1,(anonymous_3)
FNDA:1,(anonymous_4)
DA:5,4
DA:6,4
DA:7,4
DA:9,4
DA:10,4
DA:18,4
DA:19,1
DA:20,1
DA:21,1
DA:31,4
DA:32,1
DA:33,0
DA:34,0
DA:37,1
DA:38,1
DA:40,1
DA:60,1
DA:61,1
DA:62,1
DA:69,1
DA:70,1
DA:72,0
DA:73,0
DA:74,0
DA:83,4
DA:84,2
DA:86,1
DA:87,1
DA:89,1
DA:90,1
DA:96,1
DA:97,1
DA:98,1
DA:101,4
LF:34
LH:29
BRDA:31,0,0,0
BRDA:32,1,0,0
BRDA:32,1,1,1
BRDA:37,2,0,1
BRDA:37,2,1,1
BRDA:72,3,0,0
BRDA:72,3,1,0
BRDA:84,4,0,1
BRDA:84,4,1,1
BRDA:84,5,0,2
BRDA:84,5,1,2
BRDA:96,6,0,1
BRDA:96,6,1,1
BRF:13
BRH:9
end_of_record
TN:
SF:src\services\firestore.js
FN:18,(anonymous_0)
FN:28,(anonymous_1)
FN:33,(anonymous_2)
FN:39,(anonymous_3)
FN:51,(anonymous_4)
FN:62,(anonymous_5)
FN:69,(anonymous_6)
FN:71,(anonymous_7)
FNF:8
FNH:7
FNDA:1,(anonymous_0)
FNDA:1,(anonymous_1)
FNDA:2,(anonymous_2)
FNDA:1,(anonymous_3)
FNDA:1,(anonymous_4)
FNDA:0,(anonymous_5)
FNDA:1,(anonymous_6)
FNDA:2,(anonymous_7)
DA:6,2
DA:7,2
DA:10,2
DA:18,2
DA:19,1
DA:20,1
DA:21,1
DA:22,1
DA:28,2
DA:29,1
DA:30,1
DA:31,1
DA:32,1
DA:33,2
DA:39,2
DA:40,1
DA:44,1
DA:45,1
DA:51,2
DA:52,1
DA:56,1
DA:62,2
DA:63,0
DA:69,2
DA:70,1
DA:71,2
DA:74,2
LF:27
LH:26
BRDA:11,0,0,2
BRDA:11,0,1,1
BRDA:21,1,0,0
BRDA:21,1,1,1
BRDA:28,2,0,1
BRDA:28,3,0,1
BRDA:30,4,0,0
BRDA:30,4,1,1
BRDA:31,5,0,1
BRDA:31,5,1,0
BRF:10
BRH:7
end_of_record
TN:
SF:src\services\logger.js
FNF:0
FNH:0
DA:6,6
DA:8,6
DA:10,6
DA:12,6
DA:30,6
DA:31,0
DA:32,0
DA:33,0
DA:36,6
LF:9
LH:6
BRDA:13,0,0,6
BRDA:13,0,1,2
BRDA:22,1,0,0
BRDA:22,1,1,6
BRDA:30,2,0,0
BRDA:30,2,1,6
BRF:6
BRH:4
end_of_record
TN:
SF:src\services\vertexai.js
FN:92,(anonymous_0)
FN:107,(anonymous_1)
FN:116,(anonymous_2)
FN:136,(anonymous_3)
FN:164,(anonymous_4)
FNF:5
FNH:2
FNDA:0,(anonymous_0)
FNDA:2,(anonymous_1)
FNDA:0,(anonymous_2)
FNDA:0,(anonymous_3)
FNDA:2,(anonymous_4)
DA:6,4
DA:10,4
DA:11,4
DA:13,0
DA:16,4
DA:37,4
DA:92,4
DA:93,0
DA:94,0
DA:95,0
DA:97,0
DA:107,4
DA:108,2
DA:109,2
DA:110,2
DA:111,2
DA:113,2
DA:114,0
DA:116,0
DA:117,0
DA:120,2
DA:121,2
DA:122,2
DA:136,2
DA:141,2
DA:145,2
DA:146,2
DA:147,2
DA:150,2
DA:151,2
DA:152,2
DA:154,0
DA:155,0
DA:164,4
DA:165,2
DA:167,2
DA:168,1
DA:171,1
DA:172,1
DA:173,1
DA:174,1
DA:175,1
DA:180,1
DA:181,1
DA:182,1
DA:184,0
DA:185,0
DA:189,4
LF:48
LH:36
BRDA:94,0,0,0
BRDA:94,0,1,0
BRDA:94,1,0,0
BRDA:94,1,1,0
BRDA:94,1,2,0
BRDA:107,2,0,1
BRDA:107,3,0,1
BRDA:109,4,0,2
BRDA:109,4,1,2
BRDA:110,5,0,2
BRDA:110,5,1,2
BRDA:111,6,0,2
BRDA:111,6,1,2
BRDA:111,6,2,2
BRDA:113,7,0,0
BRDA:113,7,1,2
BRDA:141,8,0,1
BRDA:141,8,1,1
BRDA:142,9,0,1
BRDA:142,9,1,0
BRDA:165,10,0,2
BRDA:165,10,1,1
BRDA:165,10,2,1
BRDA:167,11,0,1
BRDA:167,11,1,1
BRDA:168,12,0,1
BRDA:168,12,1,0
BRDA:168,13,0,1
BRDA:168,13,1,1
BRDA:168,14,0,1
BRDA:168,14,1,1
BRDA:168,15,0,1
BRDA:168,15,1,0
BRDA:168,16,0,1
BRDA:168,16,1,1
BRDA:173,17,0,1
BRDA:173,17,1,1
BRDA:176,18,0,1
BRDA:176,18,1,1
BRF:39
BRH:30
end_of_record
