TN:
SF:server.js
FN:67,(anonymous_0)
FN:70,(anonymous_1)
FN:98,(anonymous_2)
FN:100,(anonymous_3)
FN:121,(anonymous_4)
FN:153,(anonymous_5)
FN:163,(anonymous_6)
FN:177,(anonymous_7)
FN:185,(anonymous_8)
FNF:9
FNH:4
FNDA:4,(anonymous_0)
FNDA:13,(anonymous_1)
FNDA:13,(anonymous_2)
FNDA:13,(anonymous_3)
FNDA:0,(anonymous_4)
FNDA:0,(anonymous_5)
FNDA:0,(anonymous_6)
FNDA:0,(anonymous_7)
FNDA:0,(anonymous_8)
DA:14,4
DA:16,4
DA:17,4
DA:18,4
DA:19,4
DA:20,4
DA:22,4
DA:23,4
DA:26,4
DA:27,4
DA:28,4
DA:29,4
DA:31,4
DA:32,4
DA:37,4
DA:38,4
DA:43,4
DA:51,4
DA:65,4
DA:67,4
DA:69,4
DA:72,13
DA:73,13
DA:75,0
DA:76,0
DA:87,4
DA:88,4
DA:93,4
DA:98,4
DA:99,13
DA:100,13
DA:101,13
DA:109,13
DA:115,4
DA:116,4
DA:117,4
DA:118,4
DA:121,4
DA:122,0
DA:123,0
DA:124,0
DA:126,0
DA:139,4
DA:140,0
DA:143,0
DA:149,0
DA:153,0
DA:154,0
DA:155,0
DA:163,4
DA:164,0
DA:166,0
DA:167,0
DA:170,0
DA:177,4
DA:178,0
DA:184,4
DA:185,0
DA:186,0
DA:193,4
LF:60
LH:41
BRDA:32,0,0,4
BRDA:32,0,1,0
BRDA:65,1,0,4
BRDA:65,1,1,4
BRDA:72,2,0,13
BRDA:72,2,1,0
BRDA:72,3,0,13
BRDA:72,3,1,0
BRDA:72,3,2,0
BRDA:129,4,0,0
BRDA:129,4,1,0
BRDA:139,5,0,0
BRDA:139,5,1,4
BRDA:166,6,0,0
BRDA:166,6,1,0
BRDA:170,7,0,0
BRDA:170,7,1,0
BRDA:172,8,0,0
BRDA:172,8,1,0
BRDA:184,9,0,0
BRDA:184,9,1,4
BRDA:187,10,0,0
BRDA:187,10,1,0
BRF:23
BRH:7
end_of_record
TN:
SF:src\middleware\auth.js
FN:7,(anonymous_0)
FN:23,(anonymous_1)
FNF:2
FNH:2
FNDA:4,(anonymous_0)
FNDA:7,(anonymous_1)
DA:5,5
DA:7,5
DA:8,4
DA:10,4
DA:11,2
DA:12,2
DA:19,2
DA:20,2
DA:23,5
DA:24,7
DA:25,7
DA:28,5
LF:12
LH:12
BRDA:10,0,0,2
BRDA:10,0,1,2
BRDA:24,1,0,7
BRDA:24,1,1,5
BRF:4
BRH:4
end_of_record
TN:
SF:src\middleware\rateLimiter.js
FN:17,(anonymous_0)
FN:31,(anonymous_1)
FN:48,(anonymous_2)
FNF:3
FNH:0
FNDA:0,(anonymous_0)
FNDA:0,(anonymous_1)
FNDA:0,(anonymous_2)
DA:5,4
DA:6,4
DA:11,4
DA:18,0
DA:19,0
DA:26,4
DA:32,0
DA:33,0
DA:43,4
DA:49,0
DA:50,0
DA:57,4
LF:12
LH:6
BRDA:13,0,0,4
BRDA:13,0,1,0
BRDA:28,1,0,4
BRDA:28,1,1,0
BRDA:45,2,0,4
BRDA:45,2,1,0
BRF:6
BRH:3
end_of_record
TN:
SF:src\middleware\sanitize.js
FN:10,(anonymous_0)
FN:19,(anonymous_1)
FN:28,(anonymous_2)
FNF:3
FNH:3
FNDA:22,(anonymous_0)
FNDA:11,(anonymous_1)
FNDA:7,(anonymous_2)
DA:5,5
DA:6,5
DA:7,5
DA:8,5
DA:10,5
DA:11,22
DA:12,12
DA:14,10
DA:15,2
DA:17,8
DA:18,8
DA:19,11
DA:22,0
DA:28,5
DA:29,7
DA:30,7
DA:32,7
DA:35,5
LF:18
LH:17
BRDA:11,0,0,12
BRDA:11,0,1,10
BRDA:14,1,0,2
BRDA:14,1,1,8
BRDA:17,2,0,8
BRDA:17,2,1,0
BRDA:17,3,0,8
BRDA:17,3,1,8
BRDA:29,4,0,7
BRDA:29,4,1,0
BRDA:29,5,0,7
BRDA:29,5,1,7
BRF:12
BRH:10
end_of_record
TN:
SF:src\middleware\validate.js
FN:11,(anonymous_0)
FN:11,(anonymous_1)
FN:18,(anonymous_2)
FNF:3
FNH:3
FNDA:24,(anonymous_0)
FNDA:7,(anonymous_1)
FNDA:3,(anonymous_2)
DA:5,4
DA:6,4
DA:11,24
DA:12,7
DA:17,7
DA:18,3
DA:22,3
DA:23,3
DA:26,4
DA:27,4
DA:32,4
DA:71,4
DA:80,4
LF:13
LH:13
BRDA:11,0,0,24
BRDA:17,1,0,3
BRDA:17,1,1,4
BRF:3
BRH:3
end_of_record
TN:
SF:src\routes\candidates.js
FN:81,(anonymous_0)
FN:98,(anonymous_1)
FN:102,(anonymous_2)
FN:114,(anonymous_3)
FN:121,(anonymous_4)
FNF:5
FNH:5
FNDA:1,(anonymous_0)
FNDA:1,(anonymous_1)
FNDA:4,(anonymous_2)
FNDA:1,(anonymous_3)
FNDA:2,(anonymous_4)
DA:7,4
DA:8,4
DA:10,4
DA:11,4
DA:12,4
DA:13,4
DA:14,4
DA:17,4
DA:81,4
DA:82,1
DA:83,1
DA:84,1
DA:86,0
DA:87,0
DA:89,1
DA:91,0
DA:93,0
DA:98,4
DA:99,1
DA:100,1
DA:101,1
DA:102,4
DA:104,1
DA:105,1
DA:107,0
DA:109,0
DA:114,4
DA:115,1
DA:117,1
DA:118,1
DA:119,1
DA:121,2
DA:122,1
DA:123,0
DA:126,1
DA:127,1
DA:129,0
DA:130,0
DA:134,4
LF:39
LH:30
BRDA:84,0,0,0
BRDA:84,0,1,1
BRDA:101,1,0,1
BRDA:101,1,1,0
BRDA:104,2,0,1
BRDA:104,2,1,0
BRDA:119,3,0,0
BRDA:119,3,1,1
BRDA:122,4,0,0
BRDA:122,4,1,1
BRF:10
BRH:5
end_of_record
TN:
SF:src\routes\chat.js
FN:17,(anonymous_0)
FN:35,(anonymous_1)
FN:53,(anonymous_2)
FNF:3
FNH:2
FNDA:1,(anonymous_0)
FNDA:0,(anonymous_1)
FNDA:1,(anonymous_2)
DA:5,4
DA:6,4
DA:8,4
DA:9,4
DA:10,4
DA:11,4
DA:12,4
DA:13,4
DA:14,4
DA:17,4
DA:18,1
DA:19,1
DA:21,1
DA:22,1
DA:25,1
DA:28,1
DA:29,0
DA:35,0
DA:38,1
DA:44,0
DA:45,0
DA:53,4
DA:54,1
DA:55,0
DA:57,1
DA:58,1
DA:59,1
DA:60,1
DA:62,0
DA:66,4
LF:30
LH:24
BRDA:28,0,0,0
BRDA:28,0,1,1
BRDA:54,1,0,0
BRDA:54,1,1,1
BRF:4
BRH:2
end_of_record
TN:
SF:src\routes\timeline.js
FN:114,(anonymous_0)
FN:129,(anonymous_1)
FN:134,(anonymous_2)
FNF:3
FNH:3
FNDA:1,(anonymous_0)
FNDA:1,(anonymous_1)
FNDA:8,(anonymous_2)
DA:6,4
DA:7,4
DA:9,4
DA:10,4
DA:11,4
DA:12,4
DA:13,4
DA:14,4
DA:17,4
DA:114,4
DA:115,1
DA:116,1
DA:117,1
DA:118,1
DA:119,1
DA:121,1
DA:123,0
DA:124,0
DA:129,4
DA:130,1
DA:132,1
DA:133,1
DA:134,8
DA:136,1
DA:137,0
DA:140,1
DA:141,1
DA:143,1
DA:149,0
DA:150,0
DA:154,4
LF:31
LH:26
BRDA:117,0,0,1
BRDA:117,0,1,0
BRDA:136,1,0,0
BRDA:136,1,1,1
BRF:4
BRH:2
end_of_record
TN:
SF:src\routes\voting.js
FN:19,(anonymous_0)
FN:45,(anonymous_1)
FN:53,(anonymous_2)
FNF:3
FNH:2
FNDA:1,(anonymous_0)
FNDA:0,(anonymous_1)
FNDA:1,(anonymous_2)
DA:6,4
DA:7,4
DA:8,4
DA:10,4
DA:11,4
DA:12,4
DA:13,4
DA:16,4
DA:19,4
DA:20,1
DA:23,1
DA:24,0
DA:31,1
DA:32,1
DA:33,1
DA:44,1
DA:45,1
DA:47,1
DA:49,1
DA:53,4
DA:54,1
DA:55,1
DA:56,1
DA:58,0
DA:61,4
LF:25
LH:23
BRDA:23,0,0,0
BRDA:23,0,1,1
BRDA:55,1,0,1
BRDA:55,1,1,0
BRF:4
BRH:2
end_of_record
TN:
SF:src\services\cache.js
FN:35,(anonymous_0)
FN:36,(anonymous_1)
FN:45,(anonymous_2)
FN:67,(anonymous_3)
FN:83,(anonymous_4)
FN:90,(anonymous_5)
FN:99,(anonymous_6)
FNF:7
FNH:7
FNDA:13,(anonymous_0)
FNDA:22,(anonymous_1)
FNDA:23,(anonymous_2)
FNDA:28,(anonymous_3)
FNDA:4,(anonymous_4)
FNDA:24,(anonymous_5)
FNDA:4,(anonymous_6)
DA:10,5
DA:19,5
DA:22,5
DA:25,5
DA:35,5
DA:36,22
DA:45,5
DA:46,23
DA:47,23
DA:49,13
DA:50,1
DA:51,1
DA:52,1
DA:55,12
DA:56,12
DA:67,5
DA:69,28
DA:70,0
DA:71,0
DA:72,0
DA:75,28
DA:76,28
DA:83,5
DA:84,4
DA:90,5
DA:91,24
DA:92,24
DA:99,5
DA:105,5
LF:29
LH:26
BRDA:47,0,0,10
BRDA:47,0,1,13
BRDA:49,1,0,1
BRDA:49,1,1,12
BRDA:67,2,0,3
BRDA:69,3,0,0
BRDA:69,3,1,28
BRF:7
BRH:6
end_of_record
TN:
SF:src\services\envValidator.js
FN:73,(anonymous_0)
FN:106,(anonymous_1)
FNF:2
FNH:2
FNDA:35,(anonymous_0)
FNDA:6,(anonymous_1)
DA:11,5
DA:23,5
DA:59,5
DA:73,5
DA:74,35
DA:76,35
DA:77,13
DA:78,1
DA:83,12
DA:89,22
DA:90,1
DA:96,21
DA:106,5
DA:107,6
DA:108,6
DA:110,6
DA:111,6
DA:114,6
DA:115,30
DA:116,30
DA:117,30
DA:121,6
DA:122,0
DA:123,0
DA:124,0
DA:129,6
DA:130,11
DA:134,6
DA:135,0
DA:138,6
DA:140,6
DA:141,6
DA:147,0
DA:150,6
DA:153,5
LF:35
LH:30
BRDA:76,0,0,13
BRDA:76,0,1,22
BRDA:77,1,0,1
BRDA:77,1,1,12
BRDA:80,2,0,1
BRDA:80,2,1,0
BRDA:85,3,0,12
BRDA:85,3,1,0
BRDA:89,4,0,1
BRDA:89,4,1,21
BRDA:89,5,0,22
BRDA:89,5,1,13
BRDA:92,6,0,1
BRDA:92,6,1,0
BRDA:116,7,0,0
BRDA:116,7,1,30
BRDA:117,8,0,11
BRDA:117,8,1,19
BRDA:121,9,0,0
BRDA:121,9,1,6
BRDA:121,10,0,6
BRDA:121,10,1,0
BRDA:124,11,0,0
BRDA:124,11,1,0
BRDA:140,12,0,6
BRDA:140,12,1,0
BRDA:142,13,0,6
BRDA:142,13,1,0
BRDA:144,14,0,6
BRDA:144,14,1,2
BRF:30
BRH:20
end_of_record
TN:
SF:src\services\fcm.js
FN:18,(anonymous_0)
FN:31,(anonymous_1)
FN:83,(anonymous_2)
FN:90,(anonymous_3)
FN:96,(anonymous_4)
FNF:5
FNH:5
FNDA:1,(anonymous_0)
FNDA:1,(anonymous_1)
FNDA:2,(anonymous_2)
FNDA:1,(anonymous_3)
FNDA:1,(anonymous_4)
DA:5,4
DA:6,4
DA:7,4
DA:9,4
DA:10,4
DA:18,4
DA:19,1
DA:20,1
DA:21,1
DA:31,4
DA:32,1
DA:33,0
DA:34,0
DA:37,1
DA:38,1
DA:40,1
DA:60,1
DA:61,1
DA:62,1
DA:69,1
DA:70,1
DA:72,0
DA:73,0
DA:74,0
DA:83,4
DA:84,2
DA:86,1
DA:87,1
DA:89,1
DA:90,1
DA:96,1
DA:97,1
DA:98,1
DA:101,4
LF:34
LH:29
BRDA:12,0,0,4
BRDA:12,0,1,1
BRDA:31,1,0,0
BRDA:32,2,0,0
BRDA:32,2,1,1
BRDA:37,3,0,1
BRDA:37,3,1,0
BRDA:37,3,2,0
BRDA:72,4,0,0
BRDA:72,4,1,0
BRDA:84,5,0,1
BRDA:84,5,1,1
BRDA:84,6,0,2
BRDA:84,6,1,2
BRDA:96,7,0,1
BRDA:96,7,1,1
BRF:16
BRH:10
end_of_record
TN:
SF:src\services\firestore.js
FN:18,(anonymous_0)
FN:28,(anonymous_1)
FN:33,(anonymous_2)
FN:39,(anonymous_3)
FN:51,(anonymous_4)
FN:62,(anonymous_5)
FN:69,(anonymous_6)
FN:71,(anonymous_7)
FNF:8
FNH:7
FNDA:1,(anonymous_0)
FNDA:1,(anonymous_1)
FNDA:2,(anonymous_2)
FNDA:1,(anonymous_3)
FNDA:1,(anonymous_4)
FNDA:0,(anonymous_5)
FNDA:1,(anonymous_6)
FNDA:2,(anonymous_7)
DA:6,2
DA:7,2
DA:10,2
DA:18,2
DA:19,1
DA:20,1
DA:21,1
DA:22,1
DA:28,2
DA:29,1
DA:30,1
DA:31,1
DA:32,1
DA:33,2
DA:39,2
DA:40,1
DA:44,1
DA:45,1
DA:51,2
DA:52,1
DA:56,1
DA:62,2
DA:63,0
DA:69,2
DA:70,1
DA:71,2
DA:74,2
LF:27
LH:26
BRDA:11,0,0,2
BRDA:11,0,1,1
BRDA:11,0,2,1
BRDA:21,1,0,0
BRDA:21,1,1,1
BRDA:28,2,0,1
BRDA:28,3,0,1
BRDA:30,4,0,0
BRDA:30,4,1,1
BRDA:31,5,0,1
BRDA:31,5,1,0
BRF:11
BRH:8
end_of_record
TN:
SF:src\services\logger.js
FNF:0
FNH:0
DA:6,8
DA:8,8
DA:10,8
DA:12,8
DA:30,8
DA:31,0
DA:32,0
DA:33,0
DA:36,8
LF:9
LH:6
BRDA:13,0,0,8
BRDA:13,0,1,4
BRDA:22,1,0,0
BRDA:22,1,1,8
BRDA:30,2,0,0
BRDA:30,2,1,8
BRF:6
BRH:4
end_of_record
TN:
SF:src\services\vertexai.js
FN:36,(anonymous_0)
FN:141,(anonymous_1)
FN:154,(anonymous_2)
FN:173,(anonymous_3)
FN:181,(anonymous_4)
FN:209,(anonymous_5)
FN:242,(anonymous_6)
FN:250,(anonymous_7)
FNF:8
FNH:5
FNDA:4,(anonymous_0)
FNDA:0,(anonymous_1)
FNDA:4,(anonymous_2)
FNDA:2,(anonymous_3)
FNDA:0,(anonymous_4)
FNDA:0,(anonymous_5)
FNDA:2,(anonymous_6)
FNDA:4,(anonymous_7)
DA:14,4
DA:15,4
DA:20,4
DA:21,4
DA:23,0
DA:28,4
DA:36,4
DA:37,4
DA:38,2
DA:42,2
DA:47,4
DA:51,4
DA:83,4
DA:141,4
DA:142,0
DA:143,0
DA:144,0
DA:146,0
DA:154,4
DA:155,4
DA:156,4
DA:157,4
DA:158,4
DA:173,4
DA:174,2
DA:175,2
DA:177,2
DA:179,2
DA:180,0
DA:181,0
DA:182,0
DA:186,2
DA:187,2
DA:188,2
DA:189,0
DA:190,0
DA:193,2
DA:194,2
DA:195,2
DA:209,2
DA:214,2
DA:218,2
DA:219,2
DA:220,2
DA:222,2
DA:223,2
DA:226,2
DA:228,2
DA:230,0
DA:231,0
DA:242,4
DA:243,2
DA:245,2
DA:246,0
DA:250,4
DA:251,2
DA:252,2
DA:253,0
DA:254,0
DA:257,2
DA:258,2
DA:259,2
DA:260,2
DA:265,2
DA:266,2
DA:267,2
DA:270,1
DA:272,1
DA:274,1
DA:275,1
DA:279,4
LF:71
LH:56
BRDA:37,0,0,2
BRDA:37,0,1,2
BRDA:40,1,0,2
BRDA:40,1,1,1
BRDA:44,2,0,2
BRDA:44,2,1,1
BRDA:143,3,0,0
BRDA:143,3,1,0
BRDA:143,4,0,0
BRDA:143,4,1,0
BRDA:143,4,2,0
BRDA:155,5,0,0
BRDA:155,5,1,4
BRDA:156,6,0,0
BRDA:156,6,1,4
BRDA:157,7,0,0
BRDA:157,7,1,4
BRDA:173,8,0,1
BRDA:173,9,0,1
BRDA:174,10,0,2
BRDA:174,10,1,2
BRDA:179,11,0,0
BRDA:179,11,1,2
BRDA:188,12,0,0
BRDA:188,12,1,2
BRDA:214,13,0,1
BRDA:214,13,1,1
BRDA:215,14,0,1
BRDA:215,14,1,0
BRDA:245,15,0,0
BRDA:245,15,1,2
BRDA:246,16,0,0
BRDA:246,16,1,0
BRDA:246,17,0,0
BRDA:246,17,1,0
BRDA:246,18,0,0
BRDA:246,18,1,0
BRDA:246,19,0,0
BRDA:246,19,1,0
BRDA:246,20,0,0
BRDA:246,20,1,0
BRDA:252,21,0,0
BRDA:252,21,1,2
BRDA:258,22,0,2
BRDA:258,22,1,1
BRF:45
BRH:22
end_of_record
